
--------------------------------------------
Warning: your license will expire in 1 days
--------------------------------------------

Changed value of parameter LogFile to opt_runs/f10_l50_d20_p100/gurobi/gurobi.log
   Prev: gurobi.log  Default: 
Parameter OutputFlag unchanged
   Value: 1  Min: 0  Max: 1  Default: 1
...  Number of variables: 100050
Optimize a model with 2060 rows, 100050 columns and 200100 nonzeros
Variable types: 100000 continuous, 50 integer (50 binary)
Coefficient statistics:
  Matrix range     [4e-01, 8e+03]
  Objective range  [1e+00, 2e+05]
  Bounds range     [1e+00, 2e+04]
  RHS range        [1e+00, 1e+03]
Presolve removed 1204 rows and 60006 columns
Presolve time: 0.52s
Presolved: 856 rows, 40044 columns, 80086 nonzeros
Variable types: 40002 continuous, 42 integer (42 binary)

Root relaxation: objective 7.897144e+09, 1663 iterations, 0.09 seconds

    Nodes    |    Current Node    |     Objective Bounds      |     Work
 Expl Unexpl |  Obj  Depth IntInf | Incumbent    BestBd   Gap | It/Node Time

     0     0 7.8971e+09    0   38          - 7.8971e+09      -     -    0s
H    0     0                    9.859986e+09 7.8971e+09  19.9%     -    0s
H    0     0                    9.799816e+09 7.8971e+09  19.4%     -    0s
H    0     0                    9.581763e+09 7.8971e+09  17.6%     -    1s
     0     0 7.9996e+09    0   39 9.5818e+09 7.9996e+09  16.5%     -    1s
     0     0 8.0516e+09    0   40 9.5818e+09 8.0516e+09  16.0%     -    1s
     0     0 8.0951e+09    0   40 9.5818e+09 8.0951e+09  15.5%     -    1s
     0     0 8.1258e+09    0   40 9.5818e+09 8.1258e+09  15.2%     -    1s
     0     0 8.1537e+09    0   39 9.5818e+09 8.1537e+09  14.9%     -    1s
     0     0 8.1811e+09    0   40 9.5818e+09 8.1811e+09  14.6%     -    1s
     0     0 8.1976e+09    0   39 9.5818e+09 8.1976e+09  14.4%     -    1s
     0     0 8.2131e+09    0   39 9.5818e+09 8.2131e+09  14.3%     -    1s
     0     0 8.2234e+09    0   38 9.5818e+09 8.2234e+09  14.2%     -    1s
     0     0 8.2300e+09    0   37 9.5818e+09 8.2300e+09  14.1%     -    1s
     0     0 8.2373e+09    0   34 9.5818e+09 8.2373e+09  14.0%     -    2s
     0     0 8.2428e+09    0   35 9.5818e+09 8.2428e+09  14.0%     -    2s
     0     0 8.2487e+09    0   36 9.5818e+09 8.2487e+09  13.9%     -    2s
     0     0 8.2526e+09    0   35 9.5818e+09 8.2526e+09  13.9%     -    2s
     0     0 8.2552e+09    0   36 9.5818e+09 8.2552e+09  13.8%     -    2s
     0     0 8.2575e+09    0   34 9.5818e+09 8.2575e+09  13.8%     -    2s
     0     0 8.2592e+09    0   35 9.5818e+09 8.2592e+09  13.8%     -    2s
     0     0 8.2618e+09    0   35 9.5818e+09 8.2618e+09  13.8%     -    2s
     0     0 8.2621e+09    0   34 9.5818e+09 8.2621e+09  13.8%     -    2s
     0     0 8.2623e+09    0   32 9.5818e+09 8.2623e+09  13.8%     -    2s
     0     0 8.2625e+09    0   32 9.5818e+09 8.2625e+09  13.8%     -    2s
     0     0 8.2625e+09    0   32 9.5818e+09 8.2625e+09  13.8%     -    2s
     0     0 8.2849e+09    0   36 9.5818e+09 8.2849e+09  13.5%     -    2s
H    0     0                    8.906700e+09 8.2849e+09  6.98%     -    3s
     0     0 8.2994e+09    0   36 8.9067e+09 8.2994e+09  6.82%     -    3s
     0     0 8.3084e+09    0   36 8.9067e+09 8.3084e+09  6.72%     -    3s
     0     0 8.3183e+09    0   33 8.9067e+09 8.3183e+09  6.61%     -    3s
     0     0 8.3245e+09    0   37 8.9067e+09 8.3245e+09  6.54%     -    3s
     0     0 8.3280e+09    0   35 8.9067e+09 8.3280e+09  6.50%     -    3s
     0     0 8.3309e+09    0   33 8.9067e+09 8.3309e+09  6.47%     -    3s
     0     0 8.3343e+09    0   32 8.9067e+09 8.3343e+09  6.43%     -    3s
     0     0 8.3358e+09    0   31 8.9067e+09 8.3358e+09  6.41%     -    3s
     0     0 8.3372e+09    0   32 8.9067e+09 8.3372e+09  6.39%     -    3s
     0     0 8.3383e+09    0   32 8.9067e+09 8.3383e+09  6.38%     -    4s
     0     0 8.3388e+09    0   32 8.9067e+09 8.3388e+09  6.38%     -    4s
     0     0 8.3390e+09    0   32 8.9067e+09 8.3390e+09  6.37%     -    4s
     0     0 8.3492e+09    0   33 8.9067e+09 8.3492e+09  6.26%     -    4s
H    0     0                    8.357002e+09 8.3492e+09  0.09%     -    4s
     0     0 8.3519e+09    0   34 8.3570e+09 8.3519e+09  0.06%     -    4s
     0     0 8.3533e+09    0   25 8.3570e+09 8.3533e+09  0.04%     -    4s
     0     0 8.3546e+09    0   25 8.3570e+09 8.3546e+09  0.03%     -    4s
     0     0 8.3547e+09    0   28 8.3570e+09 8.3547e+09  0.03%     -    4s
     0     0 8.3566e+09    0   27 8.3570e+09 8.3566e+09  0.00%     -    5s

Cutting planes:
  Implied bound: 679
  MIR: 13
  Flow cover: 119

Explored 1 nodes (6421 simplex iterations) in 5.04 seconds
Thread count was 4 (of 4 available processors)

Solution count 5: 8.357e+09 8.9067e+09 9.58176e+09 ... 9.85999e+09

Optimal solution found (tolerance 1.00e-04)
Best objective 8.357001872782e+09, best bound 8.356591279238e+09, gap 0.0049%

Solution quality statistics for model Unnamed :
  Maximum violation:
    Bound       : 1.54466493e-11 (flow[F03,L15,D17,P039])
    Constraint  : 4.99750125e-12 (R31)
    Integrality : 8.05353751e-16 (is_line[F03,L16])
...  Optimal Cost: 8,357,001,872.78
Network Flow: 1
           ('F01', 'L02', 'D01', 'P002') :          721.0
           ('F01', 'L02', 'D01', 'P022') :          108.0
           ('F01', 'L02', 'D01', 'P025') :          602.0
           ('F01', 'L02', 'D01', 'P032') :          741.0
           ('F01', 'L02', 'D01', 'P064') :          606.0
           ('F01', 'L02', 'D01', 'P076') :           85.0
           ('F01', 'L02', 'D01', 'P087') :          940.0
           ('F01', 'L02', 'D06', 'P002') :          332.0
           ('F01', 'L02', 'D06', 'P065') :          949.0
           ('F01', 'L02', 'D09', 'P032') :          969.0
           ('F01', 'L02', 'D11', 'P045') :          175.0
           ('F01', 'L02', 'D12', 'P025') :          564.0
           ('F01', 'L02', 'D12', 'P064') :          477.0
           ('F01', 'L02', 'D12', 'P065') :          848.0
           ('F01', 'L02', 'D14', 'P032') :          275.0
           ('F01', 'L02', 'D15', 'P001') :          375.0
           ('F01', 'L02', 'D15', 'P016') :          883.0
           ('F01', 'L02', 'D15', 'P065') :          555.0
           ('F01', 'L02', 'D15', 'P071') :          883.0
           ('F01', 'L02', 'D15', 'P075') :          797.0
           ('F01', 'L02', 'D15', 'P091') :          812.0
           ('F01', 'L02', 'D16', 'P024') :          252.0
           ('F01', 'L02', 'D16', 'P025') :           26.0
           ('F01', 'L02', 'D16', 'P059') :          510.0
           ('F01', 'L02', 'D16', 'P088') :          781.0
           ('F01', 'L02', 'D17', 'P002') :          472.0
           ('F01', 'L02', 'D17', 'P026') :          581.0
           ('F01', 'L02', 'D17', 'P064') :          346.0
           ('F01', 'L02', 'D17', 'P087') :          377.0
           ('F01', 'L02', 'D17', 'P092') :          312.0
           ('F01', 'L02', 'D17', 'P097') :          283.0
           ('F01', 'L02', 'D19', 'P008') :          56.23
           ('F01', 'L02', 'D19', 'P011') :           43.0
           ('F01', 'L02', 'D19', 'P016') :          922.0
           ('F01', 'L02', 'D19', 'P022') :          594.0
           ('F01', 'L02', 'D19', 'P065') :          273.0
           ('F01', 'L02', 'D19', 'P091') :          123.0
           ('F01', 'L03', 'D01', 'P035') :          619.0
           ('F01', 'L03', 'D01', 'P037') :          444.0
           ('F01', 'L03', 'D01', 'P042') :           73.0
           ('F01', 'L03', 'D01', 'P063') :          334.0
           ('F01', 'L03', 'D01', 'P099') :          970.0
           ('F01', 'L03', 'D02', 'P048') :         465.89
           ('F01', 'L03', 'D05', 'P099') :          239.0
           ('F01', 'L03', 'D09', 'P005') :          758.0
           ('F01', 'L03', 'D09', 'P036') :          632.0
           ('F01', 'L03', 'D09', 'P063') :          983.0
           ('F01', 'L03', 'D11', 'P035') :          444.0
           ('F01', 'L03', 'D11', 'P036') :          886.0
           ('F01', 'L03', 'D11', 'P046') :          989.0
           ('F01', 'L03', 'D12', 'P005') :          628.0
           ('F01', 'L03', 'D12', 'P036') :          941.0
           ('F01', 'L03', 'D12', 'P052') :          808.0
           ('F01', 'L03', 'D12', 'P099') :          895.0
           ('F01', 'L03', 'D13', 'P010') :          403.0
           ('F01', 'L03', 'D14', 'P005') :          828.0
           ('F01', 'L03', 'D15', 'P099') :          998.0
           ('F01', 'L03', 'D16', 'P035') :          637.0
           ('F01', 'L03', 'D16', 'P063') :          911.0
           ('F01', 'L03', 'D16', 'P099') :          169.0
           ('F01', 'L03', 'D17', 'P006') :          836.0
           ('F01', 'L03', 'D17', 'P010') :          849.0
           ('F01', 'L03', 'D17', 'P079') :          804.0
           ('F01', 'L03', 'D17', 'P099') :          557.0
           ('F01', 'L03', 'D19', 'P005') :          374.0
           ('F01', 'L03', 'D19', 'P014') :          173.0
           ('F01', 'L03', 'D19', 'P055') :           33.0
           ('F01', 'L03', 'D19', 'P069') :           31.0
           ('F01', 'L03', 'D19', 'P070') :          490.0
           ('F01', 'L04', 'D01', 'P004') :          950.0
           ('F01', 'L04', 'D01', 'P030') :          149.0
           ('F01', 'L04', 'D01', 'P039') :          551.0
           ('F01', 'L04', 'D01', 'P044') :          672.0
           ('F01', 'L04', 'D01', 'P096') :          260.0
           ('F01', 'L04', 'D02', 'P041') :          247.0
           ('F01', 'L04', 'D06', 'P021') :          994.0
           ('F01', 'L04', 'D06', 'P041') :          511.0
           ('F01', 'L04', 'D09', 'P013') :          302.0
           ('F01', 'L04', 'D09', 'P021') :          886.0
           ('F01', 'L04', 'D09', 'P034') :          633.0
           ('F01', 'L04', 'D09', 'P058') :          759.0
           ('F01', 'L04', 'D11', 'P019') :          117.0
           ('F01', 'L04', 'D11', 'P021') :          199.0
           ('F01', 'L04', 'D11', 'P030') :          156.0
           ('F01', 'L04', 'D11', 'P058') :          947.0
           ('F01', 'L04', 'D11', 'P061') :          158.0
           ('F01', 'L04', 'D12', 'P023') :          865.0
           ('F01', 'L04', 'D12', 'P033') :          773.0
           ('F01', 'L04', 'D13', 'P021') :          941.0
           ('F01', 'L04', 'D14', 'P015') :         114.48
           ('F01', 'L04', 'D14', 'P074') :          351.0
           ('F01', 'L04', 'D15', 'P015') :          785.0
           ('F01', 'L04', 'D15', 'P018') :          246.0
           ('F01', 'L04', 'D15', 'P033') :          694.0
           ('F01', 'L04', 'D15', 'P089') :           16.0
           ('F01', 'L04', 'D16', 'P019') :          146.0
           ('F01', 'L04', 'D16', 'P021') :          167.0
           ('F01', 'L04', 'D17', 'P015') :          640.0
           ('F01', 'L04', 'D17', 'P062') :          129.0
           ('F01', 'L04', 'D17', 'P089') :           82.0
           ('F01', 'L04', 'D17', 'P095') :          992.0
           ('F01', 'L04', 'D19', 'P008') :         895.77
           ('F01', 'L04', 'D19', 'P021') :          301.0
           ('F01', 'L04', 'D19', 'P031') :          279.0
           ('F02', 'L07', 'D10', 'P010') :          838.0
           ('F02', 'L07', 'D10', 'P011') :          771.0
           ('F02', 'L07', 'D10', 'P030') :          804.0
           ('F02', 'L07', 'D10', 'P040') :          343.0
           ('F02', 'L07', 'D10', 'P050') :          638.0
           ('F02', 'L07', 'D10', 'P055') :          977.0
           ('F02', 'L07', 'D10', 'P060') :          903.0
           ('F02', 'L07', 'D10', 'P065') :           55.0
           ('F02', 'L07', 'D10', 'P070') :           89.0
           ('F02', 'L07', 'D10', 'P086') :          450.0
           ('F02', 'L07', 'D10', 'P093') :          365.0
           ('F02', 'L07', 'D10', 'P099') :          381.0
           ('F02', 'L07', 'D12', 'P007') :          512.0
           ('F02', 'L07', 'D12', 'P008') :          289.0
           ('F02', 'L07', 'D12', 'P010') :          472.0
           ('F02', 'L07', 'D12', 'P031') :          113.0
           ('F02', 'L07', 'D12', 'P038') :          712.0
           ('F02', 'L07', 'D12', 'P050') :          169.0
           ('F02', 'L07', 'D12', 'P059') :          360.0
           ('F02', 'L07', 'D12', 'P060') :          680.0
           ('F02', 'L07', 'D12', 'P070') :          182.0
           ('F02', 'L07', 'D12', 'P072') :          150.0
           ('F02', 'L07', 'D12', 'P083') :          858.0
           ('F02', 'L07', 'D16', 'P026') :         209.83
           ('F02', 'L07', 'D16', 'P040') :          984.0
           ('F02', 'L07', 'D16', 'P050') :          968.0
           ('F02', 'L07', 'D16', 'P054') :          824.0
           ('F02', 'L07', 'D16', 'P065') :          787.0
           ('F02', 'L07', 'D16', 'P081') :          380.0
           ('F02', 'L09', 'D01', 'P012') :         107.69
           ('F02', 'L09', 'D01', 'P027') :          992.0
           ('F02', 'L09', 'D01', 'P075') :          115.0
           ('F02', 'L09', 'D02', 'P002') :          926.0
           ('F02', 'L09', 'D05', 'P027') :         263.58
           ('F02', 'L09', 'D10', 'P002') :          807.0
           ('F02', 'L09', 'D10', 'P018') :            3.0
           ('F02', 'L09', 'D10', 'P033') :          111.0
           ('F02', 'L09', 'D10', 'P045') :          264.0
           ('F02', 'L09', 'D10', 'P052') :          576.0
           ('F02', 'L09', 'D10', 'P057') :          884.0
           ('F02', 'L09', 'D10', 'P079') :          985.0
           ('F02', 'L09', 'D10', 'P095') :          906.0
           ('F02', 'L09', 'D10', 'P098') :          686.0
           ('F02', 'L09', 'D10', 'P100') :          911.0
           ('F02', 'L09', 'D12', 'P002') :          218.0
           ('F02', 'L09', 'D12', 'P013') :          173.0
           ('F02', 'L09', 'D12', 'P018') :          468.0
           ('F02', 'L09', 'D12', 'P027') :          670.0
           ('F02', 'L09', 'D12', 'P045') :          475.0
           ('F02', 'L09', 'D12', 'P046') :          694.0
           ('F02', 'L09', 'D12', 'P057') :          640.0
           ('F02', 'L09', 'D12', 'P075') :          719.0
           ('F02', 'L09', 'D12', 'P079') :          460.0
           ('F02', 'L09', 'D12', 'P084') :          515.0
           ('F02', 'L09', 'D12', 'P089') :          29.75
           ('F02', 'L09', 'D12', 'P098') :           61.0
           ('F02', 'L09', 'D16', 'P018') :          434.0
           ('F02', 'L09', 'D16', 'P027') :          717.0
           ('F02', 'L09', 'D16', 'P032') :          958.0
           ('F02', 'L09', 'D16', 'P071') :          371.0
           ('F02', 'L09', 'D16', 'P085') :          225.0
           ('F02', 'L10', 'D05', 'P076') :          452.0
           ('F02', 'L10', 'D10', 'P015') :          843.0
           ('F02', 'L10', 'D10', 'P016') :          789.0
           ('F02', 'L10', 'D10', 'P037') :          380.0
           ('F02', 'L10', 'D10', 'P080') :            2.0
           ('F02', 'L10', 'D10', 'P091') :          504.0
           ('F02', 'L10', 'D12', 'P015') :          604.0
           ('F02', 'L10', 'D12', 'P021') :          258.0
           ('F02', 'L10', 'D12', 'P026') :          508.0
           ('F02', 'L10', 'D12', 'P028') :          978.0
           ('F02', 'L10', 'D12', 'P037') :          568.0
           ('F02', 'L10', 'D12', 'P042') :          828.0
           ('F02', 'L10', 'D12', 'P082') :          380.0
           ('F02', 'L10', 'D12', 'P089') :         555.25
           ('F02', 'L10', 'D12', 'P091') :          513.0
           ('F02', 'L10', 'D12', 'P092') :          984.0
           ('F02', 'L10', 'D12', 'P097') :          497.0
           ('F02', 'L10', 'D16', 'P015') :          238.0
           ('F02', 'L10', 'D16', 'P020') :          151.0
           ('F02', 'L10', 'D16', 'P026') :         685.17
           ('F02', 'L10', 'D16', 'P036') :          951.0
           ('F02', 'L10', 'D16', 'P037') :          877.0
           ('F02', 'L10', 'D16', 'P051') :          875.0
           ('F02', 'L10', 'D16', 'P069') :          978.0
           ('F02', 'L10', 'D16', 'P076') :          474.0
           ('F02', 'L10', 'D16', 'P092') :          689.0
           ('F03', 'L12', 'D02', 'P035') :          228.0
           ('F03', 'L12', 'D04', 'P035') :          608.0
           ('F03', 'L12', 'D04', 'P078') :          378.0
           ('F03', 'L12', 'D15', 'P004') :          519.0
           ('F03', 'L12', 'D15', 'P013') :          779.0
           ('F03', 'L12', 'D15', 'P019') :          525.0
           ('F03', 'L12', 'D15', 'P032') :          311.0
           ('F03', 'L12', 'D15', 'P035') :          644.0
           ('F03', 'L12', 'D15', 'P036') :          277.0
           ('F03', 'L12', 'D15', 'P047') :           65.0
           ('F03', 'L12', 'D15', 'P057') :          804.0
           ('F03', 'L12', 'D15', 'P058') :          615.0
           ('F03', 'L12', 'D15', 'P060') :          744.0
           ('F03', 'L12', 'D15', 'P066') :           21.0
           ('F03', 'L12', 'D15', 'P080') :          277.0
           ('F03', 'L12', 'D15', 'P083') :          232.0
           ('F03', 'L12', 'D16', 'P007') :           28.0
           ('F03', 'L12', 'D16', 'P013') :           13.0
           ('F03', 'L12', 'D16', 'P047') :          990.0
           ('F03', 'L12', 'D16', 'P058') :          476.0
           ('F03', 'L12', 'D17', 'P039') :          587.0
           ('F03', 'L12', 'D17', 'P042') :          748.0
           ('F03', 'L12', 'D17', 'P043') :          455.0
           ('F03', 'L12', 'D17', 'P053') :          691.0
           ('F03', 'L12', 'D17', 'P069') :          254.0
           ('F03', 'L12', 'D17', 'P073') :          132.0
           ('F03', 'L12', 'D17', 'P075') :         672.28
           ('F03', 'L12', 'D17', 'P080') :          928.0
           ('F03', 'L12', 'D17', 'P083') :           74.0
           ('F03', 'L12', 'D17', 'P094') :           81.0
           ('F03', 'L12', 'D17', 'P096') :          341.0
           ('F03', 'L12', 'D19', 'P004') :          839.0
           ('F03', 'L12', 'D19', 'P013') :          782.0
           ('F03', 'L12', 'D19', 'P058') :          835.0
           ('F03', 'L14', 'D02', 'P048') :         502.11
           ('F03', 'L14', 'D05', 'P048') :          899.0
           ('F03', 'L14', 'D07', 'P048') :          579.0
           ('F03', 'L14', 'D10', 'P048') :          583.0
           ('F03', 'L14', 'D13', 'P048') :         778.86
           ('F03', 'L14', 'D15', 'P011') :          840.0
           ('F03', 'L14', 'D15', 'P029') :          510.0
           ('F03', 'L14', 'D15', 'P048') :          904.0
           ('F03', 'L14', 'D15', 'P051') :          261.0
           ('F03', 'L14', 'D15', 'P056') :          743.0
           ('F03', 'L14', 'D15', 'P077') :          279.0
           ('F03', 'L14', 'D15', 'P085') :           18.0
           ('F03', 'L14', 'D15', 'P095') :          377.0
           ('F03', 'L14', 'D16', 'P044') :          684.0
           ('F03', 'L14', 'D16', 'P067') :          213.0
           ('F03', 'L14', 'D16', 'P077') :          565.0
           ('F03', 'L14', 'D16', 'P098') :          605.0
           ('F03', 'L14', 'D17', 'P005') :          521.0
           ('F03', 'L14', 'D17', 'P011') :          103.0
           ('F03', 'L14', 'D17', 'P020') :          112.0
           ('F03', 'L14', 'D17', 'P028') :          860.0
           ('F03', 'L14', 'D17', 'P048') :          871.0
           ('F03', 'L14', 'D17', 'P051') :          567.0
           ('F03', 'L14', 'D17', 'P059') :          246.0
           ('F03', 'L14', 'D17', 'P061') :           98.0
           ('F03', 'L14', 'D17', 'P068') :          790.0
           ('F03', 'L14', 'D17', 'P071') :           55.0
           ('F03', 'L14', 'D17', 'P075') :         325.72
           ('F03', 'L14', 'D17', 'P086') :          349.0
           ('F03', 'L14', 'D17', 'P088') :          244.0
           ('F03', 'L14', 'D17', 'P091') :          409.0
           ('F03', 'L14', 'D19', 'P003') :          767.0
           ('F03', 'L14', 'D19', 'P051') :          357.0
           ('F03', 'L14', 'D19', 'P067') :          446.0
           ('F03', 'L14', 'D19', 'P075') :          490.0
           ('F04', 'L17', 'D01', 'P014') :          195.0
           ('F04', 'L17', 'D01', 'P020') :          762.0
           ('F04', 'L17', 'D01', 'P062') :         252.97
           ('F04', 'L17', 'D01', 'P074') :          912.0
           ('F04', 'L17', 'D02', 'P014') :          664.0
           ('F04', 'L17', 'D02', 'P020') :          819.0
           ('F04', 'L17', 'D02', 'P025') :          631.0
           ('F04', 'L17', 'D02', 'P080') :         396.09
           ('F04', 'L17', 'D02', 'P098') :          446.0
           ('F04', 'L17', 'D04', 'P029') :          856.0
           ('F04', 'L17', 'D04', 'P074') :          766.0
           ('F04', 'L17', 'D05', 'P025') :          279.0
           ('F04', 'L17', 'D05', 'P062') :          717.0
           ('F04', 'L17', 'D07', 'P020') :          129.0
           ('F04', 'L17', 'D11', 'P020') :          979.0
           ('F04', 'L17', 'D11', 'P080') :          899.0
           ('F04', 'L17', 'D11', 'P089') :          266.0
           ('F04', 'L17', 'D11', 'P098') :          234.0
           ('F04', 'L17', 'D16', 'P053') :          942.0
           ('F04', 'L17', 'D19', 'P053') :          996.0
           ('F04', 'L17', 'D19', 'P080') :          825.0
           ('F04', 'L17', 'D19', 'P089') :          512.0
           ('F04', 'L17', 'D19', 'P090') :          931.0
           ('F04', 'L17', 'D20', 'P025') :          890.0
           ('F04', 'L17', 'D20', 'P090') :          622.0
           ('F04', 'L18', 'D01', 'P006') :           69.0
           ('F04', 'L18', 'D01', 'P019') :          823.0
           ('F04', 'L18', 'D01', 'P033') :          740.0
           ('F04', 'L18', 'D01', 'P070') :          941.0
           ('F04', 'L18', 'D02', 'P023') :          774.0
           ('F04', 'L18', 'D02', 'P096') :          943.0
           ('F04', 'L18', 'D04', 'P033') :          446.0
           ('F04', 'L18', 'D04', 'P039') :          721.0
           ('F04', 'L18', 'D04', 'P050') :          987.0
           ('F04', 'L18', 'D04', 'P067') :          667.0
           ('F04', 'L18', 'D04', 'P087') :          756.0
           ('F04', 'L18', 'D05', 'P054') :          718.0
           ('F04', 'L18', 'D07', 'P023') :           56.0
           ('F04', 'L18', 'D07', 'P042') :          228.0
           ('F04', 'L18', 'D11', 'P039') :          734.0
           ('F04', 'L18', 'D11', 'P054') :          108.0
           ('F04', 'L18', 'D11', 'P087') :          139.0
           ('F04', 'L18', 'D11', 'P096') :          544.0
           ('F04', 'L18', 'D15', 'P023') :           47.0
           ('F04', 'L18', 'D15', 'P054') :          399.0
           ('F04', 'L18', 'D19', 'P001') :          880.0
           ('F04', 'L18', 'D19', 'P007') :          592.1
           ('F04', 'L18', 'D19', 'P042') :          509.0
           ('F04', 'L18', 'D19', 'P043') :          536.0
           ('F04', 'L18', 'D19', 'P050') :          297.0
           ('F04', 'L18', 'D19', 'P054') :          367.0
           ('F04', 'L18', 'D19', 'P057') :          689.0
           ('F04', 'L18', 'D20', 'P039') :          715.0
           ('F04', 'L18', 'D20', 'P042') :            9.0
           ('F04', 'L19', 'D01', 'P012') :          98.31
           ('F04', 'L19', 'D01', 'P077') :          578.0
           ('F04', 'L19', 'D01', 'P085') :           21.0
           ('F04', 'L19', 'D01', 'P094') :          642.0
           ('F04', 'L19', 'D02', 'P018') :          821.0
           ('F04', 'L19', 'D02', 'P021') :          606.0
           ('F04', 'L19', 'D02', 'P068') :           48.0
           ('F04', 'L19', 'D02', 'P079') :          444.0
           ('F04', 'L19', 'D02', 'P094') :          823.0
           ('F04', 'L19', 'D04', 'P065') :          36.96
           ('F04', 'L19', 'D04', 'P069') :          559.0
           ('F04', 'L19', 'D04', 'P072') :          610.0
           ('F04', 'L19', 'D05', 'P010') :          952.0
           ('F04', 'L19', 'D05', 'P016') :          453.0
           ('F04', 'L19', 'D05', 'P079') :          576.0
           ('F04', 'L19', 'D05', 'P094') :          997.0
           ('F04', 'L19', 'D07', 'P068') :          976.0
           ('F04', 'L19', 'D07', 'P072') :          157.0
           ('F04', 'L19', 'D11', 'P002') :          449.0
           ('F04', 'L19', 'D11', 'P018') :          377.0
           ('F04', 'L19', 'D11', 'P088') :          301.0
           ('F04', 'L19', 'D19', 'P010') :          568.0
           ('F04', 'L19', 'D19', 'P012') :          928.0
           ('F04', 'L19', 'D19', 'P085') :          689.0
           ('F04', 'L19', 'D20', 'P021') :          895.0
           ('F04', 'L19', 'D20', 'P072') :          372.0
           ('F04', 'L19', 'D20', 'P077') :          202.0
           ('F04', 'L19', 'D20', 'P078') :           19.0
           ('F04', 'L19', 'D20', 'P079') :          545.0
           ('F04', 'L19', 'D20', 'P094') :          505.0
           ('F04', 'L20', 'D01', 'P041') :          718.0
           ('F04', 'L20', 'D01', 'P061') :          713.0
           ('F04', 'L20', 'D01', 'P081') :           91.0
           ('F04', 'L20', 'D02', 'P003') :           67.0
           ('F04', 'L20', 'D02', 'P015') :         500.16
           ('F04', 'L20', 'D02', 'P036') :          319.0
           ('F04', 'L20', 'D02', 'P040') :          633.0
           ('F04', 'L20', 'D02', 'P100') :          620.0
           ('F04', 'L20', 'D04', 'P028') :          256.0
           ('F04', 'L20', 'D04', 'P037') :           59.0
           ('F04', 'L20', 'D04', 'P064') :           64.0
           ('F04', 'L20', 'D05', 'P100') :          363.0
           ('F04', 'L20', 'D07', 'P003') :          994.0
           ('F04', 'L20', 'D07', 'P028') :          272.0
           ('F04', 'L20', 'D07', 'P040') :          851.0
           ('F04', 'L20', 'D08', 'P040') :            8.0
           ('F04', 'L20', 'D11', 'P003') :            9.0
           ('F04', 'L20', 'D11', 'P017') :          465.0
           ('F04', 'L20', 'D11', 'P028') :          555.0
           ('F04', 'L20', 'D11', 'P037') :          134.0
           ('F04', 'L20', 'D11', 'P040') :          477.0
           ('F04', 'L20', 'D11', 'P064') :          460.0
           ('F04', 'L20', 'D11', 'P073') :          947.0
           ('F04', 'L20', 'D11', 'P092') :          227.0
           ('F04', 'L20', 'D11', 'P097') :          738.0
           ('F04', 'L20', 'D14', 'P040') :          555.0
           ('F04', 'L20', 'D15', 'P040') :           71.0
           ('F04', 'L20', 'D19', 'P040') :          287.0
           ('F04', 'L20', 'D19', 'P081') :          776.0
           ('F04', 'L20', 'D19', 'P092') :         411.89
           ('F04', 'L20', 'D19', 'P100') :            4.0
           ('F04', 'L20', 'D20', 'P017') :          437.0
           ('F04', 'L20', 'D20', 'P035') :          429.0
           ('F04', 'L20', 'D20', 'P076') :          872.0
           ('F04', 'L20', 'D20', 'P081') :          604.0
           ('F04', 'L21', 'D01', 'P007') :          149.0
           ('F04', 'L21', 'D01', 'P024') :          991.0
           ('F04', 'L21', 'D01', 'P031') :          153.0
           ('F04', 'L21', 'D01', 'P056') :          289.0
           ('F04', 'L21', 'D01', 'P062') :         530.03
           ('F04', 'L21', 'D01', 'P066') :          133.0
           ('F04', 'L21', 'D01', 'P082') :          852.0
           ('F04', 'L21', 'D02', 'P007') :          779.0
           ('F04', 'L21', 'D02', 'P034') :          955.0
           ('F04', 'L21', 'D02', 'P062') :          302.0
           ('F04', 'L21', 'D02', 'P083') :          283.0
           ('F04', 'L21', 'D02', 'P092') :          851.0
           ('F04', 'L21', 'D04', 'P056') :          948.0
           ('F04', 'L21', 'D04', 'P062') :           86.0
           ('F04', 'L21', 'D04', 'P065') :         833.04
           ('F04', 'L21', 'D04', 'P086') :          602.0
           ('F04', 'L21', 'D05', 'P024') :           33.0
           ('F04', 'L21', 'D05', 'P056') :          180.0
           ('F04', 'L21', 'D08', 'P007') :          812.0
           ('F04', 'L21', 'D11', 'P065') :          837.0
           ('F04', 'L21', 'D11', 'P083') :          112.0
           ('F04', 'L21', 'D11', 'P086') :          653.0
           ('F04', 'L21', 'D19', 'P007') :          403.9
           ('F04', 'L21', 'D19', 'P038') :          887.0
           ('F04', 'L21', 'D19', 'P059') :          457.0
           ('F04', 'L21', 'D19', 'P062') :          649.0
           ('F04', 'L21', 'D19', 'P084') :          412.0
           ('F04', 'L21', 'D19', 'P086') :          930.0
           ('F04', 'L21', 'D19', 'P092') :          83.11
           ('F04', 'L21', 'D20', 'P024') :          153.0
           ('F04', 'L21', 'D20', 'P038') :          233.0
           ('F04', 'L21', 'D20', 'P082') :          978.0
           ('F04', 'L21', 'D20', 'P083') :          549.0
           ('F04', 'L21', 'D20', 'P086') :          875.0
           ('F05', 'L24', 'D03', 'P008') :          277.0
           ('F05', 'L24', 'D03', 'P010') :          501.0
           ('F05', 'L24', 'D03', 'P017') :          503.0
           ('F05', 'L24', 'D03', 'P018') :          456.0
           ('F05', 'L24', 'D03', 'P021') :          259.0
           ('F05', 'L24', 'D03', 'P024') :          647.0
           ('F05', 'L24', 'D03', 'P025') :          867.0
           ('F05', 'L24', 'D03', 'P026') :          515.0
           ('F05', 'L24', 'D03', 'P037') :          162.0
           ('F05', 'L24', 'D03', 'P040') :          550.0
           ('F05', 'L24', 'D03', 'P043') :           30.0
           ('F05', 'L24', 'D03', 'P045') :          378.0
           ('F05', 'L24', 'D03', 'P049') :          687.0
           ('F05', 'L24', 'D03', 'P054') :          358.0
           ('F05', 'L24', 'D03', 'P060') :          404.0
           ('F05', 'L24', 'D03', 'P061') :          791.0
           ('F05', 'L24', 'D03', 'P063') :          218.0
           ('F05', 'L24', 'D03', 'P064') :          685.0
           ('F05', 'L24', 'D03', 'P075') :          332.0
           ('F05', 'L24', 'D03', 'P077') :          860.0
           ('F05', 'L24', 'D03', 'P078') :         821.25
           ('F05', 'L24', 'D03', 'P079') :          724.0
           ('F05', 'L24', 'D03', 'P081') :          290.0
           ('F05', 'L24', 'D03', 'P082') :            4.0
           ('F05', 'L24', 'D03', 'P087') :          270.0
           ('F05', 'L24', 'D03', 'P093') :          796.0
           ('F05', 'L24', 'D06', 'P022') :            1.0
           ('F05', 'L24', 'D06', 'P030') :          851.0
           ('F05', 'L24', 'D06', 'P037') :          380.0
           ('F05', 'L24', 'D06', 'P040') :          834.0
           ('F05', 'L24', 'D06', 'P043') :          145.0
           ('F05', 'L24', 'D06', 'P064') :          317.0
           ('F05', 'L24', 'D06', 'P079') :           28.0
           ('F05', 'L24', 'D06', 'P082') :          759.0
           ('F05', 'L24', 'D06', 'P084') :          440.0
           ('F05', 'L24', 'D06', 'P093') :          206.0
           ('F05', 'L24', 'D06', 'P096') :          145.0
           ('F05', 'L24', 'D07', 'P081') :           35.0
           ('F05', 'L24', 'D11', 'P069') :          491.0
           ('F05', 'L24', 'D11', 'P081') :           70.0
           ('F06', 'L28', 'D02', 'P031') :          338.0
           ('F06', 'L28', 'D05', 'P006') :          892.0
           ('F06', 'L28', 'D05', 'P009') :          290.0
           ('F06', 'L28', 'D05', 'P011') :          644.0
           ('F06', 'L28', 'D05', 'P022') :          965.0
           ('F06', 'L28', 'D05', 'P027') :          73.42
           ('F06', 'L28', 'D05', 'P028') :          529.0
           ('F06', 'L28', 'D05', 'P030') :          547.0
           ('F06', 'L28', 'D05', 'P032') :          451.0
           ('F06', 'L28', 'D05', 'P033') :          597.0
           ('F06', 'L28', 'D05', 'P038') :          306.0
           ('F06', 'L28', 'D05', 'P045') :          922.0
           ('F06', 'L28', 'D05', 'P049') :          214.0
           ('F06', 'L28', 'D05', 'P051') :          667.0
           ('F06', 'L28', 'D05', 'P052') :          342.0
           ('F06', 'L28', 'D05', 'P063') :          503.0
           ('F06', 'L28', 'D05', 'P066') :          825.0
           ('F06', 'L28', 'D05', 'P067') :          849.0
           ('F06', 'L28', 'D05', 'P069') :          595.0
           ('F06', 'L28', 'D05', 'P073') :          121.0
           ('F06', 'L28', 'D05', 'P075') :          630.0
           ('F06', 'L28', 'D05', 'P080') :          944.0
           ('F06', 'L28', 'D05', 'P084') :          933.0
           ('F06', 'L28', 'D05', 'P097') :          131.0
           ('F06', 'L28', 'D20', 'P001') :          613.0
           ('F06', 'L28', 'D20', 'P022') :          218.0
           ('F06', 'L28', 'D20', 'P036') :          412.0
           ('F06', 'L28', 'D20', 'P046') :          241.0
           ('F06', 'L28', 'D20', 'P059') :         107.98
           ('F06', 'L28', 'D20', 'P065') :          522.0
           ('F06', 'L28', 'D20', 'P075') :          302.0
           ('F06', 'L28', 'D20', 'P084') :          174.0
           ('F06', 'L28', 'D20', 'P092') :           23.0
           ('F07', 'L32', 'D02', 'P015') :         418.84
           ('F07', 'L32', 'D02', 'P061') :          568.0
           ('F07', 'L32', 'D02', 'P066') :          414.0
           ('F07', 'L32', 'D02', 'P069') :           60.0
           ('F07', 'L32', 'D02', 'P075') :          754.0
           ('F07', 'L32', 'D06', 'P007') :          238.0
           ('F07', 'L32', 'D06', 'P067') :          331.0
           ('F07', 'L32', 'D06', 'P078') :          776.0
           ('F07', 'L32', 'D06', 'P097') :          121.0
           ('F07', 'L32', 'D08', 'P075') :           82.0
           ('F07', 'L32', 'D09', 'P009') :          699.0
           ('F07', 'L32', 'D09', 'P015') :            7.0
           ('F07', 'L32', 'D09', 'P028') :          884.0
           ('F07', 'L32', 'D09', 'P037') :          877.0
           ('F07', 'L32', 'D09', 'P043') :          473.0
           ('F07', 'L32', 'D09', 'P044') :           90.0
           ('F07', 'L32', 'D09', 'P047') :         247.02
           ('F07', 'L32', 'D09', 'P050') :          531.0
           ('F07', 'L32', 'D09', 'P059') :           91.0
           ('F07', 'L32', 'D09', 'P078') :          130.0
           ('F07', 'L32', 'D09', 'P092') :          512.0
           ('F07', 'L32', 'D09', 'P097') :          407.0
           ('F07', 'L32', 'D11', 'P050') :          622.0
           ('F07', 'L32', 'D11', 'P075') :          973.0
           ('F07', 'L32', 'D14', 'P009') :          103.0
           ('F07', 'L32', 'D14', 'P015') :          88.52
           ('F07', 'L32', 'D14', 'P043') :          389.0
           ('F07', 'L32', 'D14', 'P061') :          337.0
           ('F07', 'L32', 'D14', 'P070') :          875.0
           ('F07', 'L32', 'D14', 'P093') :           84.0
           ('F07', 'L32', 'D14', 'P096') :          829.0
           ('F07', 'L32', 'D14', 'P097') :          188.0
           ('F07', 'L32', 'D18', 'P007') :          711.0
           ('F07', 'L32', 'D18', 'P037') :           63.0
           ('F07', 'L32', 'D18', 'P043') :          308.0
           ('F07', 'L32', 'D18', 'P067') :          702.0
           ('F07', 'L32', 'D18', 'P075') :          824.0
           ('F07', 'L32', 'D18', 'P090') :          576.0
           ('F07', 'L34', 'D02', 'P027') :          489.0
           ('F07', 'L34', 'D02', 'P033') :          420.0
           ('F07', 'L34', 'D02', 'P038') :          231.0
           ('F07', 'L34', 'D02', 'P084') :          216.0
           ('F07', 'L34', 'D06', 'P038') :          230.0
           ('F07', 'L34', 'D06', 'P045') :          149.0
           ('F07', 'L34', 'D06', 'P056') :          968.0
           ('F07', 'L34', 'D06', 'P071') :           25.0
           ('F07', 'L34', 'D06', 'P083') :          233.0
           ('F07', 'L34', 'D09', 'P016') :          605.0
           ('F07', 'L34', 'D09', 'P025') :          610.0
           ('F07', 'L34', 'D09', 'P033') :           59.0
           ('F07', 'L34', 'D09', 'P038') :          811.0
           ('F07', 'L34', 'D09', 'P047') :          20.98
           ('F07', 'L34', 'D09', 'P048') :          155.0
           ('F07', 'L34', 'D09', 'P056') :          743.0
           ('F07', 'L34', 'D09', 'P071') :          121.0
           ('F07', 'L34', 'D09', 'P073') :          100.0
           ('F07', 'L34', 'D09', 'P076') :          657.0
           ('F07', 'L34', 'D09', 'P077') :          739.0
           ('F07', 'L34', 'D09', 'P083') :          675.0
           ('F07', 'L34', 'D09', 'P084') :          106.0
           ('F07', 'L34', 'D11', 'P026') :          489.0
           ('F07', 'L34', 'D14', 'P014') :          884.0
           ('F07', 'L34', 'D14', 'P016') :          854.0
           ('F07', 'L34', 'D14', 'P038') :          275.0
           ('F07', 'L34', 'D14', 'P045') :          655.0
           ('F07', 'L34', 'D14', 'P056') :          902.0
           ('F07', 'L34', 'D14', 'P060') :           67.0
           ('F07', 'L34', 'D14', 'P064') :          613.0
           ('F07', 'L34', 'D14', 'P076') :          281.0
           ('F07', 'L34', 'D14', 'P083') :          374.0
           ('F07', 'L34', 'D18', 'P045') :          754.0
           ('F07', 'L34', 'D18', 'P094') :          603.0
           ('F07', 'L35', 'D02', 'P004') :          281.0
           ('F07', 'L35', 'D02', 'P008') :          874.0
           ('F07', 'L35', 'D02', 'P012') :          426.0
           ('F07', 'L35', 'D02', 'P054') :           92.0
           ('F07', 'L35', 'D02', 'P080') :         163.91
           ('F07', 'L35', 'D02', 'P082') :          379.0
           ('F07', 'L35', 'D02', 'P091') :          689.0
           ('F07', 'L35', 'D06', 'P008') :          716.0
           ('F07', 'L35', 'D06', 'P029') :          654.0
           ('F07', 'L35', 'D06', 'P049') :          381.0
           ('F07', 'L35', 'D06', 'P057') :         116.55
           ('F07', 'L35', 'D08', 'P024') :          506.0
           ('F07', 'L35', 'D09', 'P002') :          408.0
           ('F07', 'L35', 'D09', 'P008') :          905.0
           ('F07', 'L35', 'D09', 'P011') :          555.0
           ('F07', 'L35', 'D09', 'P024') :          894.0
           ('F07', 'L35', 'D09', 'P039') :          111.0
           ('F07', 'L35', 'D09', 'P057') :          568.0
           ('F07', 'L35', 'D09', 'P074') :          561.0
           ('F07', 'L35', 'D09', 'P082') :          107.0
           ('F07', 'L35', 'D09', 'P098') :          311.0
           ('F07', 'L35', 'D11', 'P024') :          238.0
           ('F07', 'L35', 'D11', 'P029') :          657.0
           ('F07', 'L35', 'D14', 'P004') :           73.0
           ('F07', 'L35', 'D14', 'P011') :          602.0
           ('F07', 'L35', 'D14', 'P012') :          443.0
           ('F07', 'L35', 'D14', 'P017') :          521.0
           ('F07', 'L35', 'D14', 'P053') :          324.0
           ('F07', 'L35', 'D14', 'P054') :          459.0
           ('F07', 'L35', 'D14', 'P057') :           54.0
           ('F07', 'L35', 'D14', 'P080') :          501.0
           ('F07', 'L35', 'D14', 'P082') :           60.0
           ('F07', 'L35', 'D14', 'P089') :          799.0
           ('F07', 'L35', 'D14', 'P098') :          108.0
           ('F07', 'L35', 'D18', 'P001') :          892.0
           ('F07', 'L35', 'D18', 'P012') :          510.0
           ('F07', 'L35', 'D18', 'P017') :          176.0
           ('F07', 'L35', 'D18', 'P024') :          207.0
           ('F07', 'L35', 'D18', 'P046') :          295.0
           ('F07', 'L35', 'D18', 'P072') :          133.0
           ('F08', 'L38', 'D04', 'P014') :          765.0
           ('F08', 'L38', 'D04', 'P016') :          951.0
           ('F08', 'L38', 'D04', 'P031') :          101.0
           ('F08', 'L38', 'D04', 'P034') :          793.0
           ('F08', 'L38', 'D04', 'P044') :          742.0
           ('F08', 'L38', 'D04', 'P061') :          811.0
           ('F08', 'L38', 'D04', 'P073') :          275.0
           ('F08', 'L38', 'D04', 'P080') :          714.0
           ('F08', 'L38', 'D04', 'P093') :          629.0
           ('F08', 'L38', 'D07', 'P002') :          814.0
           ('F08', 'L38', 'D07', 'P016') :          856.0
           ('F08', 'L38', 'D07', 'P017') :          464.0
           ('F08', 'L38', 'D07', 'P024') :           50.0
           ('F08', 'L38', 'D07', 'P026') :         537.41
           ('F08', 'L38', 'D07', 'P034') :          164.0
           ('F08', 'L38', 'D07', 'P039') :          431.0
           ('F08', 'L38', 'D07', 'P052') :          826.0
           ('F08', 'L38', 'D07', 'P062') :          273.0
           ('F08', 'L38', 'D07', 'P083') :          613.0
           ('F08', 'L38', 'D07', 'P093') :          299.0
           ('F08', 'L38', 'D07', 'P095') :          596.0
           ('F08', 'L38', 'D07', 'P097') :          468.0
           ('F08', 'L38', 'D08', 'P002') :          305.0
           ('F08', 'L38', 'D08', 'P012') :          44.39
           ('F08', 'L38', 'D08', 'P083') :          994.0
           ('F08', 'L38', 'D08', 'P094') :          303.0
           ('F08', 'L38', 'D08', 'P095') :          129.0
           ('F08', 'L38', 'D10', 'P094') :          536.0
           ('F08', 'L38', 'D15', 'P031') :          301.0
           ('F08', 'L38', 'D16', 'P001') :          848.0
           ('F08', 'L38', 'D16', 'P017') :          693.0
           ('F08', 'L38', 'D16', 'P060') :          725.0
           ('F08', 'L38', 'D16', 'P080') :          341.0
           ('F08', 'L40', 'D04', 'P011') :          983.0
           ('F08', 'L40', 'D04', 'P027') :          767.0
           ('F08', 'L40', 'D04', 'P030') :          113.0
           ('F08', 'L40', 'D04', 'P038') :          741.0
           ('F08', 'L40', 'D04', 'P045') :          400.0
           ('F08', 'L40', 'D04', 'P059') :          921.0
           ('F08', 'L40', 'D04', 'P066') :          305.0
           ('F08', 'L40', 'D07', 'P006') :           52.0
           ('F08', 'L40', 'D07', 'P013') :          682.0
           ('F08', 'L40', 'D07', 'P026') :         372.59
           ('F08', 'L40', 'D07', 'P027') :          273.0
           ('F08', 'L40', 'D07', 'P035') :          125.0
           ('F08', 'L40', 'D07', 'P045') :          593.0
           ('F08', 'L40', 'D07', 'P049') :          660.0
           ('F08', 'L40', 'D07', 'P050') :          805.0
           ('F08', 'L40', 'D07', 'P059') :          793.0
           ('F08', 'L40', 'D07', 'P064') :          947.0
           ('F08', 'L40', 'D07', 'P066') :          512.0
           ('F08', 'L40', 'D07', 'P067') :          496.0
           ('F08', 'L40', 'D07', 'P076') :          968.0
           ('F08', 'L40', 'D07', 'P082') :          735.0
           ('F08', 'L40', 'D07', 'P086') :          930.0
           ('F08', 'L40', 'D07', 'P087') :          132.0
           ('F08', 'L40', 'D08', 'P022') :          552.0
           ('F08', 'L40', 'D08', 'P045') :          384.0
           ('F08', 'L40', 'D08', 'P066') :          199.0
           ('F08', 'L40', 'D15', 'P027') :           64.0
           ('F08', 'L40', 'D16', 'P045') :          858.0
           ('F09', 'L43', 'D05', 'P050') :          571.0
           ('F09', 'L43', 'D10', 'P001') :          503.0
           ('F09', 'L43', 'D10', 'P007') :          725.0
           ('F09', 'L43', 'D10', 'P014') :          200.0
           ('F09', 'L43', 'D10', 'P041') :          109.0
           ('F09', 'L43', 'D10', 'P042') :          224.0
           ('F09', 'L43', 'D10', 'P058') :          329.0
           ('F09', 'L43', 'D10', 'P078') :          191.0
           ('F09', 'L43', 'D10', 'P082') :          798.0
           ('F09', 'L43', 'D13', 'P001') :          306.0
           ('F09', 'L43', 'D13', 'P002') :          665.0
           ('F09', 'L43', 'D13', 'P007') :          404.0
           ('F09', 'L43', 'D13', 'P017') :          136.0
           ('F09', 'L43', 'D13', 'P024') :          972.0
           ('F09', 'L43', 'D13', 'P037') :          370.0
           ('F09', 'L43', 'D13', 'P039') :         176.96
           ('F09', 'L43', 'D13', 'P040') :          274.0
           ('F09', 'L43', 'D13', 'P048') :          34.14
           ('F09', 'L43', 'D13', 'P057') :          929.0
           ('F09', 'L43', 'D13', 'P072') :          355.0
           ('F09', 'L43', 'D13', 'P075') :         641.35
           ('F09', 'L43', 'D13', 'P078') :          748.0
           ('F09', 'L43', 'D13', 'P083') :          249.0
           ('F09', 'L43', 'D13', 'P097') :          250.0
           ('F09', 'L43', 'D14', 'P058') :          147.0
           ('F09', 'L43', 'D15', 'P002') :          809.0
           ('F09', 'L43', 'D15', 'P007') :          428.0
           ('F09', 'L43', 'D15', 'P009') :          878.0
           ('F09', 'L43', 'D15', 'P012') :          373.0
           ('F09', 'L43', 'D15', 'P014') :          399.0
           ('F09', 'L43', 'D15', 'P050') :          825.0
           ('F09', 'L43', 'D15', 'P052') :          144.0
           ('F09', 'L43', 'D15', 'P072') :          391.0
           ('F09', 'L43', 'D15', 'P082') :          825.0
           ('F09', 'L43', 'D15', 'P086') :          837.0
           ('F10', 'L45', 'D03', 'P007') :          912.0
           ('F10', 'L45', 'D03', 'P029') :          129.0
           ('F10', 'L45', 'D03', 'P032') :          514.0
           ('F10', 'L45', 'D03', 'P038') :          783.0
           ('F10', 'L45', 'D03', 'P042') :           68.0
           ('F10', 'L45', 'D03', 'P059') :          230.0
           ('F10', 'L45', 'D03', 'P078') :           9.75
           ('F10', 'L45', 'D06', 'P042') :          727.0
           ('F10', 'L45', 'D06', 'P089') :          392.0
           ('F10', 'L45', 'D08', 'P006') :          205.0
           ('F10', 'L45', 'D08', 'P013') :          537.0
           ('F10', 'L45', 'D08', 'P026') :          994.0
           ('F10', 'L45', 'D08', 'P029') :           27.0
           ('F10', 'L45', 'D08', 'P059') :          714.0
           ('F10', 'L45', 'D08', 'P078') :          678.0
           ('F10', 'L45', 'D08', 'P081') :          789.0
           ('F10', 'L45', 'D13', 'P006') :           97.0
           ('F10', 'L45', 'D13', 'P009') :          703.0
           ('F10', 'L45', 'D13', 'P013') :          937.0
           ('F10', 'L45', 'D13', 'P029') :          186.0
           ('F10', 'L45', 'D13', 'P049') :          835.0
           ('F10', 'L45', 'D13', 'P087') :          505.0
           ('F10', 'L45', 'D18', 'P009') :          467.0
           ('F10', 'L45', 'D18', 'P032') :          927.0
           ('F10', 'L45', 'D18', 'P061') :          588.0
           ('F10', 'L45', 'D18', 'P087') :          366.0
           ('F10', 'L45', 'D18', 'P089') :          929.0
           ('F10', 'L45', 'D20', 'P004') :          906.0
           ('F10', 'L45', 'D20', 'P013') :         862.49
           ('F10', 'L45', 'D20', 'P059') :          29.02
           ('F10', 'L46', 'D03', 'P023') :          453.0
           ('F10', 'L46', 'D03', 'P055') :          700.0
           ('F10', 'L46', 'D03', 'P062') :          424.0
           ('F10', 'L46', 'D03', 'P071') :          780.0
           ('F10', 'L46', 'D03', 'P074') :          709.0
           ('F10', 'L46', 'D06', 'P005') :          550.0
           ('F10', 'L46', 'D06', 'P052') :          768.0
           ('F10', 'L46', 'D06', 'P074') :          279.0
           ('F10', 'L46', 'D06', 'P098') :          524.0
           ('F10', 'L46', 'D08', 'P019') :          606.0
           ('F10', 'L46', 'D08', 'P030') :           64.0
           ('F10', 'L46', 'D08', 'P039') :         275.59
           ('F10', 'L46', 'D08', 'P046') :          124.0
           ('F10', 'L46', 'D08', 'P048') :          669.0
           ('F10', 'L46', 'D08', 'P062') :          838.0
           ('F10', 'L46', 'D08', 'P070') :          238.0
           ('F10', 'L46', 'D08', 'P071') :          546.0
           ('F10', 'L46', 'D08', 'P077') :          905.0
           ('F10', 'L46', 'D13', 'P062') :          769.0
           ('F10', 'L46', 'D13', 'P070') :          378.0
           ('F10', 'L46', 'D13', 'P077') :          536.0
           ('F10', 'L46', 'D13', 'P090') :           94.0
           ('F10', 'L46', 'D14', 'P052') :          788.0
           ('F10', 'L46', 'D18', 'P020') :          165.0
           ('F10', 'L46', 'D18', 'P023') :          231.0
           ('F10', 'L46', 'D18', 'P027') :          350.0
           ('F10', 'L46', 'D18', 'P030') :          575.0
           ('F10', 'L46', 'D18', 'P048') :          225.0
           ('F10', 'L46', 'D18', 'P062') :          480.0
           ('F10', 'L46', 'D18', 'P070') :           97.0
           ('F10', 'L46', 'D18', 'P085') :          761.0
           ('F10', 'L46', 'D20', 'P030') :          300.0
           ('F10', 'L46', 'D20', 'P041') :          617.0
           ('F10', 'L46', 'D20', 'P074') :          226.0
           ('F10', 'L47', 'D03', 'P003') :          621.0
           ('F10', 'L47', 'D03', 'P014') :          733.0
           ('F10', 'L47', 'D03', 'P028') :          459.0
           ('F10', 'L47', 'D03', 'P051') :          640.0
           ('F10', 'L47', 'D03', 'P086') :           68.0
           ('F10', 'L47', 'D03', 'P088') :          336.0
           ('F10', 'L47', 'D03', 'P092') :          452.0
           ('F10', 'L47', 'D06', 'P014') :          825.0
           ('F10', 'L47', 'D06', 'P057') :           1.45
           ('F10', 'L47', 'D06', 'P092') :          906.0
           ('F10', 'L47', 'D08', 'P008') :          383.0
           ('F10', 'L47', 'D08', 'P014') :          345.0
           ('F10', 'L47', 'D08', 'P028') :          194.0
           ('F10', 'L47', 'D08', 'P047') :          977.0
           ('F10', 'L47', 'D08', 'P051') :          537.0
           ('F10', 'L47', 'D08', 'P057') :          451.0
           ('F10', 'L47', 'D08', 'P063') :          258.0
           ('F10', 'L47', 'D08', 'P069') :          119.0
           ('F10', 'L47', 'D08', 'P073') :          784.0
           ('F10', 'L47', 'D08', 'P086') :          497.0
           ('F10', 'L47', 'D08', 'P092') :          779.0
           ('F10', 'L47', 'D13', 'P008') :          888.0
           ('F10', 'L47', 'D13', 'P033') :          333.0
           ('F10', 'L47', 'D13', 'P047') :          637.0
           ('F10', 'L47', 'D13', 'P063') :          128.0
           ('F10', 'L47', 'D13', 'P075') :         352.65
           ('F10', 'L47', 'D13', 'P095') :           39.0
           ('F10', 'L47', 'D14', 'P028') :          500.0
           ('F10', 'L47', 'D14', 'P047') :           39.0
           ('F10', 'L47', 'D18', 'P008') :          502.0
           ('F10', 'L47', 'D18', 'P014') :          259.0
           ('F10', 'L47', 'D18', 'P073') :           84.0
           ('F10', 'L47', 'D18', 'P088') :          988.0
           ('F10', 'L47', 'D18', 'P092') :          827.0
           ('F10', 'L47', 'D19', 'P034') :          208.0
           ('F10', 'L47', 'D19', 'P073') :           57.0
           ('F10', 'L47', 'D20', 'P013') :          20.51
           ('F10', 'L49', 'D03', 'P011') :          196.0
           ('F10', 'L49', 'D03', 'P012') :          803.0
           ('F10', 'L49', 'D03', 'P015') :          321.0
           ('F10', 'L49', 'D03', 'P036') :          538.0
           ('F10', 'L49', 'D03', 'P039') :          816.0
           ('F10', 'L49', 'D03', 'P068') :          553.0
           ('F10', 'L49', 'D03', 'P091') :          642.0
           ('F10', 'L49', 'D03', 'P099') :          403.0
           ('F10', 'L49', 'D06', 'P031') :          224.0
           ('F10', 'L49', 'D06', 'P036') :          140.0
           ('F10', 'L49', 'D06', 'P076') :          274.0
           ('F10', 'L49', 'D06', 'P091') :          585.0
           ('F10', 'L49', 'D08', 'P012') :           2.61
           ('F10', 'L49', 'D08', 'P016') :          711.0
           ('F10', 'L49', 'D08', 'P036') :          321.0
           ('F10', 'L49', 'D08', 'P039') :         459.41
           ('F10', 'L49', 'D08', 'P058') :          675.0
           ('F10', 'L49', 'D08', 'P068') :           80.0
           ('F10', 'L49', 'D08', 'P082') :          839.0
           ('F10', 'L49', 'D08', 'P099') :          888.0
           ('F10', 'L49', 'D13', 'P011') :          330.0
           ('F10', 'L49', 'D13', 'P016') :          879.0
           ('F10', 'L49', 'D13', 'P022') :          689.0
           ('F10', 'L49', 'D13', 'P039') :         815.04
           ('F10', 'L49', 'D13', 'P068') :          123.0
           ('F10', 'L49', 'D13', 'P094') :          370.0
           ('F10', 'L49', 'D18', 'P091') :          559.0
           ('F10', 'L49', 'D20', 'P011') :          953.0
           ('F10', 'L49', 'D20', 'P012') :           90.0
           ('F10', 'L49', 'D20', 'P091') :          424.0

Factories unused: []
Factories used: [('F01', 3), ('F02', 3), ('F03', 2), ('F04', 5), ('F05', 1), ('F06', 1), ('F07', 3), ('F08', 2), ('F09', 1), ('F10', 4)]

Lines:
      ('F01', 'L01') : .....close
      ('F01', 'L02') : 100.00%
      ('F01', 'L03') : 100.00%
      ('F01', 'L04') : 100.00%
      ('F01', 'L05') : .....close
      ('F02', 'L06') : .....close
      ('F02', 'L07') : 100.00%
      ('F02', 'L08') : .....close
      ('F02', 'L09') : 100.00%
      ('F02', 'L10') : 100.00%
      ('F02', 'L11') : .....close
      ('F03', 'L12') : 100.00%
      ('F03', 'L13') : .....close
      ('F03', 'L14') : 100.00%
      ('F03', 'L15') : .....close
      ('F03', 'L16') : .....close
      ('F04', 'L17') : 100.00%
      ('F04', 'L18') : 100.00%
      ('F04', 'L19') : 100.00%
      ('F04', 'L20') : 100.00%
      ('F04', 'L21') : 100.00%
      ('F05', 'L22') : .....close
      ('F05', 'L23') : .....close
      ('F05', 'L24') : 100.00%
      ('F05', 'L25') : .....close
      ('F05', 'L26') : .....close
      ('F06', 'L27') : .....close
      ('F06', 'L28') : 100.00%
      ('F06', 'L29') : .....close
      ('F06', 'L30') : .....close
      ('F06', 'L31') : .....close
      ('F07', 'L32') : 100.00%
      ('F07', 'L33') : .....close
      ('F07', 'L34') : 100.00%
      ('F07', 'L35') : 100.00%
      ('F08', 'L36') : .....close
      ('F08', 'L37') : .....close
      ('F08', 'L38') : 100.00%
      ('F08', 'L39') : .....close
      ('F08', 'L40') : 100.00%
      ('F09', 'L41') : .....close
      ('F09', 'L42') : .....close
      ('F09', 'L43') : 100.00%
      ('F09', 'L44') : .....close
      ('F10', 'L45') : 100.00%
      ('F10', 'L46') : 100.00%
      ('F10', 'L47') : 100.00%
      ('F10', 'L48') : .....close
      ('F10', 'L49') : 100.00%
      ('F10', 'L50') : .....close

Time Taken: 9.82840371131897
