
--------------------------------------------
Warning: your license will expire in 6 days
--------------------------------------------

Changed value of parameter LogFile to opt_runs/f10_l50_d20_p100/gurobi.log
   Prev: gurobi.log  Default: 
Parameter OutputFlag unchanged
   Value: 1  Min: 0  Max: 1  Default: 1
...  Number of variables: 100050
Optimize a model with 2060 rows, 100050 columns and 200100 nonzeros
Variable types: 100000 continuous, 50 integer (50 binary)
Coefficient statistics:
  Matrix range     [4e-01, 8e+03]
  Objective range  [1e+00, 2e+05]
  Bounds range     [1e+00, 1e+00]
  RHS range        [1e+00, 1e+03]
Presolve removed 1204 rows and 60006 columns
Presolve time: 0.52s
Presolved: 856 rows, 40044 columns, 80086 nonzeros
Variable types: 40002 continuous, 42 integer (42 binary)

Root relaxation: objective 7.897144e+09, 1663 iterations, 0.10 seconds

    Nodes    |    Current Node    |     Objective Bounds      |     Work
 Expl Unexpl |  Obj  Depth IntInf | Incumbent    BestBd   Gap | It/Node Time

     0     0 7.8971e+09    0   38          - 7.8971e+09      -     -    0s
H    0     0                    9.859986e+09 7.8971e+09  19.9%     -    0s
H    0     0                    9.799816e+09 7.8971e+09  19.4%     -    0s
H    0     0                    9.581763e+09 7.8971e+09  17.6%     -    1s
     0     0 7.9996e+09    0   39 9.5818e+09 7.9996e+09  16.5%     -    1s
     0     0 8.0516e+09    0   40 9.5818e+09 8.0516e+09  16.0%     -    1s
     0     0 8.0951e+09    0   40 9.5818e+09 8.0951e+09  15.5%     -    1s
     0     0 8.1258e+09    0   40 9.5818e+09 8.1258e+09  15.2%     -    1s
     0     0 8.1537e+09    0   39 9.5818e+09 8.1537e+09  14.9%     -    1s
     0     0 8.1811e+09    0   40 9.5818e+09 8.1811e+09  14.6%     -    1s
     0     0 8.1976e+09    0   39 9.5818e+09 8.1976e+09  14.4%     -    1s
     0     0 8.2131e+09    0   39 9.5818e+09 8.2131e+09  14.3%     -    1s
     0     0 8.2234e+09    0   38 9.5818e+09 8.2234e+09  14.2%     -    1s
     0     0 8.2300e+09    0   37 9.5818e+09 8.2300e+09  14.1%     -    2s
     0     0 8.2373e+09    0   34 9.5818e+09 8.2373e+09  14.0%     -    2s
     0     0 8.2428e+09    0   35 9.5818e+09 8.2428e+09  14.0%     -    2s
     0     0 8.2487e+09    0   36 9.5818e+09 8.2487e+09  13.9%     -    2s
     0     0 8.2526e+09    0   35 9.5818e+09 8.2526e+09  13.9%     -    2s
     0     0 8.2552e+09    0   36 9.5818e+09 8.2552e+09  13.8%     -    2s
     0     0 8.2575e+09    0   34 9.5818e+09 8.2575e+09  13.8%     -    2s
     0     0 8.2592e+09    0   35 9.5818e+09 8.2592e+09  13.8%     -    2s
     0     0 8.2618e+09    0   35 9.5818e+09 8.2618e+09  13.8%     -    2s
     0     0 8.2621e+09    0   34 9.5818e+09 8.2621e+09  13.8%     -    2s
     0     0 8.2623e+09    0   32 9.5818e+09 8.2623e+09  13.8%     -    2s
     0     0 8.2625e+09    0   32 9.5818e+09 8.2625e+09  13.8%     -    2s
     0     0 8.2625e+09    0   32 9.5818e+09 8.2625e+09  13.8%     -    2s
     0     0 8.2849e+09    0   36 9.5818e+09 8.2849e+09  13.5%     -    2s
H    0     0                    8.906700e+09 8.2849e+09  6.98%     -    3s
     0     0 8.2994e+09    0   36 8.9067e+09 8.2994e+09  6.82%     -    3s
     0     0 8.3084e+09    0   36 8.9067e+09 8.3084e+09  6.72%     -    3s
     0     0 8.3183e+09    0   33 8.9067e+09 8.3183e+09  6.61%     -    3s
     0     0 8.3245e+09    0   37 8.9067e+09 8.3245e+09  6.54%     -    3s
     0     0 8.3280e+09    0   35 8.9067e+09 8.3280e+09  6.50%     -    3s
     0     0 8.3309e+09    0   33 8.9067e+09 8.3309e+09  6.47%     -    3s
     0     0 8.3343e+09    0   32 8.9067e+09 8.3343e+09  6.43%     -    3s
     0     0 8.3358e+09    0   31 8.9067e+09 8.3358e+09  6.41%     -    4s
     0     0 8.3372e+09    0   32 8.9067e+09 8.3372e+09  6.39%     -    4s
     0     0 8.3383e+09    0   32 8.9067e+09 8.3383e+09  6.38%     -    4s
     0     0 8.3388e+09    0   32 8.9067e+09 8.3388e+09  6.38%     -    4s
     0     0 8.3390e+09    0   32 8.9067e+09 8.3390e+09  6.37%     -    4s
     0     0 8.3492e+09    0   33 8.9067e+09 8.3492e+09  6.26%     -    4s
H    0     0                    8.357002e+09 8.3492e+09  0.09%     -    4s
     0     0 8.3519e+09    0   34 8.3570e+09 8.3519e+09  0.06%     -    4s
     0     0 8.3533e+09    0   25 8.3570e+09 8.3533e+09  0.04%     -    4s
     0     0 8.3546e+09    0   25 8.3570e+09 8.3546e+09  0.03%     -    4s
     0     0 8.3547e+09    0   28 8.3570e+09 8.3547e+09  0.03%     -    4s
     0     0 8.3566e+09    0   27 8.3570e+09 8.3566e+09  0.00%     -    5s

Cutting planes:
  Implied bound: 679
  MIR: 13
  Flow cover: 119

Explored 1 nodes (6421 simplex iterations) in 5.17 seconds
Thread count was 4 (of 4 available processors)

Solution count 5: 8.357e+09 8.9067e+09 9.58176e+09 ... 9.85999e+09

Optimal solution found (tolerance 1.00e-04)
Best objective 8.357001872782e+09, best bound 8.356591279238e+09, gap 0.0049%
...  Optimal Cost: 8,357,001,872.78
Network Flow: 1000
           ('F01', 'L02', 'D01', 'P002') :      721,000.0
           ('F01', 'L02', 'D01', 'P022') :      108,000.0
           ('F01', 'L02', 'D01', 'P025') :      602,000.0
           ('F01', 'L02', 'D01', 'P032') :      741,000.0
           ('F01', 'L02', 'D01', 'P064') :      606,000.0
           ('F01', 'L02', 'D01', 'P076') :       85,000.0
           ('F01', 'L02', 'D01', 'P087') :      940,000.0
           ('F01', 'L02', 'D06', 'P002') :      332,000.0
           ('F01', 'L02', 'D06', 'P065') :      949,000.0
           ('F01', 'L02', 'D09', 'P032') :      969,000.0
           ('F01', 'L02', 'D11', 'P045') :      175,000.0
           ('F01', 'L02', 'D12', 'P025') :      564,000.0
           ('F01', 'L02', 'D12', 'P064') :      477,000.0
           ('F01', 'L02', 'D12', 'P065') :      848,000.0
           ('F01', 'L02', 'D14', 'P032') :      275,000.0
           ('F01', 'L02', 'D15', 'P001') :      375,000.0
           ('F01', 'L02', 'D15', 'P016') :      883,000.0
           ('F01', 'L02', 'D15', 'P065') :      555,000.0
           ('F01', 'L02', 'D15', 'P071') :      883,000.0
           ('F01', 'L02', 'D15', 'P075') :      797,000.0
           ('F01', 'L02', 'D15', 'P091') :      812,000.0
           ('F01', 'L02', 'D16', 'P024') :      252,000.0
           ('F01', 'L02', 'D16', 'P025') :       26,000.0
           ('F01', 'L02', 'D16', 'P059') :      510,000.0
           ('F01', 'L02', 'D16', 'P088') :      781,000.0
           ('F01', 'L02', 'D17', 'P002') :      472,000.0
           ('F01', 'L02', 'D17', 'P026') :      581,000.0
           ('F01', 'L02', 'D17', 'P064') :      346,000.0
           ('F01', 'L02', 'D17', 'P087') :      377,000.0
           ('F01', 'L02', 'D17', 'P092') :      312,000.0
           ('F01', 'L02', 'D17', 'P097') :      283,000.0
           ('F01', 'L02', 'D19', 'P008') :      56,226.17
           ('F01', 'L02', 'D19', 'P011') :       43,000.0
           ('F01', 'L02', 'D19', 'P016') :      922,000.0
           ('F01', 'L02', 'D19', 'P022') :      594,000.0
           ('F01', 'L02', 'D19', 'P065') :      273,000.0
           ('F01', 'L02', 'D19', 'P091') :      123,000.0
           ('F01', 'L03', 'D01', 'P035') :      619,000.0
           ('F01', 'L03', 'D01', 'P037') :      444,000.0
           ('F01', 'L03', 'D01', 'P042') :       73,000.0
           ('F01', 'L03', 'D01', 'P063') :      334,000.0
           ('F01', 'L03', 'D01', 'P099') :      970,000.0
           ('F01', 'L03', 'D02', 'P048') :     465,887.86
           ('F01', 'L03', 'D05', 'P099') :      239,000.0
           ('F01', 'L03', 'D09', 'P005') :      758,000.0
           ('F01', 'L03', 'D09', 'P036') :      632,000.0
           ('F01', 'L03', 'D09', 'P063') :      983,000.0
           ('F01', 'L03', 'D11', 'P035') :      444,000.0
           ('F01', 'L03', 'D11', 'P036') :      886,000.0
           ('F01', 'L03', 'D11', 'P046') :      989,000.0
           ('F01', 'L03', 'D12', 'P005') :      628,000.0
           ('F01', 'L03', 'D12', 'P036') :      941,000.0
           ('F01', 'L03', 'D12', 'P052') :      808,000.0
           ('F01', 'L03', 'D12', 'P099') :      895,000.0
           ('F01', 'L03', 'D13', 'P010') :      403,000.0
           ('F01', 'L03', 'D14', 'P005') :      828,000.0
           ('F01', 'L03', 'D15', 'P099') :      998,000.0
           ('F01', 'L03', 'D16', 'P035') :      637,000.0
           ('F01', 'L03', 'D16', 'P063') :      911,000.0
           ('F01', 'L03', 'D16', 'P099') :      169,000.0
           ('F01', 'L03', 'D17', 'P006') :      836,000.0
           ('F01', 'L03', 'D17', 'P010') :      849,000.0
           ('F01', 'L03', 'D17', 'P079') :      804,000.0
           ('F01', 'L03', 'D17', 'P099') :      557,000.0
           ('F01', 'L03', 'D19', 'P005') :      374,000.0
           ('F01', 'L03', 'D19', 'P014') :      173,000.0
           ('F01', 'L03', 'D19', 'P055') :       33,000.0
           ('F01', 'L03', 'D19', 'P069') :       31,000.0
           ('F01', 'L03', 'D19', 'P070') :      490,000.0
           ('F01', 'L04', 'D01', 'P004') :      950,000.0
           ('F01', 'L04', 'D01', 'P030') :      149,000.0
           ('F01', 'L04', 'D01', 'P039') :      551,000.0
           ('F01', 'L04', 'D01', 'P044') :      672,000.0
           ('F01', 'L04', 'D01', 'P096') :      260,000.0
           ('F01', 'L04', 'D02', 'P041') :      247,000.0
           ('F01', 'L04', 'D06', 'P021') :      994,000.0
           ('F01', 'L04', 'D06', 'P041') :      511,000.0
           ('F01', 'L04', 'D09', 'P013') :      302,000.0
           ('F01', 'L04', 'D09', 'P021') :      886,000.0
           ('F01', 'L04', 'D09', 'P034') :      633,000.0
           ('F01', 'L04', 'D09', 'P058') :      759,000.0
           ('F01', 'L04', 'D11', 'P019') :      117,000.0
           ('F01', 'L04', 'D11', 'P021') :      199,000.0
           ('F01', 'L04', 'D11', 'P030') :      156,000.0
           ('F01', 'L04', 'D11', 'P058') :      947,000.0
           ('F01', 'L04', 'D11', 'P061') :      158,000.0
           ('F01', 'L04', 'D12', 'P023') :      865,000.0
           ('F01', 'L04', 'D12', 'P033') :      773,000.0
           ('F01', 'L04', 'D13', 'P021') :      941,000.0
           ('F01', 'L04', 'D14', 'P015') :     114,483.23
           ('F01', 'L04', 'D14', 'P074') :      351,000.0
           ('F01', 'L04', 'D15', 'P015') :      785,000.0
           ('F01', 'L04', 'D15', 'P018') :      246,000.0
           ('F01', 'L04', 'D15', 'P033') :      694,000.0
           ('F01', 'L04', 'D15', 'P089') :       16,000.0
           ('F01', 'L04', 'D16', 'P019') :      146,000.0
           ('F01', 'L04', 'D16', 'P021') :      167,000.0
           ('F01', 'L04', 'D17', 'P015') :      640,000.0
           ('F01', 'L04', 'D17', 'P062') :      129,000.0
           ('F01', 'L04', 'D17', 'P089') :       82,000.0
           ('F01', 'L04', 'D17', 'P095') :      992,000.0
           ('F01', 'L04', 'D19', 'P008') :     895,773.83
           ('F01', 'L04', 'D19', 'P021') :      301,000.0
           ('F01', 'L04', 'D19', 'P031') :      279,000.0
           ('F02', 'L07', 'D10', 'P010') :      838,000.0
           ('F02', 'L07', 'D10', 'P011') :      771,000.0
           ('F02', 'L07', 'D10', 'P030') :      804,000.0
           ('F02', 'L07', 'D10', 'P040') :      343,000.0
           ('F02', 'L07', 'D10', 'P050') :      638,000.0
           ('F02', 'L07', 'D10', 'P055') :      977,000.0
           ('F02', 'L07', 'D10', 'P060') :      903,000.0
           ('F02', 'L07', 'D10', 'P065') :       55,000.0
           ('F02', 'L07', 'D10', 'P070') :       89,000.0
           ('F02', 'L07', 'D10', 'P086') :      450,000.0
           ('F02', 'L07', 'D10', 'P093') :      365,000.0
           ('F02', 'L07', 'D10', 'P099') :      381,000.0
           ('F02', 'L07', 'D12', 'P007') :      512,000.0
           ('F02', 'L07', 'D12', 'P008') :      289,000.0
           ('F02', 'L07', 'D12', 'P010') :      472,000.0
           ('F02', 'L07', 'D12', 'P031') :      113,000.0
           ('F02', 'L07', 'D12', 'P038') :      712,000.0
           ('F02', 'L07', 'D12', 'P050') :      169,000.0
           ('F02', 'L07', 'D12', 'P059') :      360,000.0
           ('F02', 'L07', 'D12', 'P060') :      680,000.0
           ('F02', 'L07', 'D12', 'P070') :      182,000.0
           ('F02', 'L07', 'D12', 'P072') :      150,000.0
           ('F02', 'L07', 'D12', 'P083') :      858,000.0
           ('F02', 'L07', 'D16', 'P026') :     209,825.86
           ('F02', 'L07', 'D16', 'P040') :      984,000.0
           ('F02', 'L07', 'D16', 'P050') :      968,000.0
           ('F02', 'L07', 'D16', 'P054') :      824,000.0
           ('F02', 'L07', 'D16', 'P065') :      787,000.0
           ('F02', 'L07', 'D16', 'P081') :      380,000.0
           ('F02', 'L09', 'D01', 'P012') :     107,686.62
           ('F02', 'L09', 'D01', 'P027') :      992,000.0
           ('F02', 'L09', 'D01', 'P075') :      115,000.0
           ('F02', 'L09', 'D02', 'P002') :      926,000.0
           ('F02', 'L09', 'D05', 'P027') :     263,577.61
           ('F02', 'L09', 'D10', 'P002') :      807,000.0
           ('F02', 'L09', 'D10', 'P018') :        3,000.0
           ('F02', 'L09', 'D10', 'P033') :      111,000.0
           ('F02', 'L09', 'D10', 'P045') :      264,000.0
           ('F02', 'L09', 'D10', 'P052') :      576,000.0
           ('F02', 'L09', 'D10', 'P057') :      884,000.0
           ('F02', 'L09', 'D10', 'P079') :      985,000.0
           ('F02', 'L09', 'D10', 'P095') :      906,000.0
           ('F02', 'L09', 'D10', 'P098') :      686,000.0
           ('F02', 'L09', 'D10', 'P100') :      911,000.0
           ('F02', 'L09', 'D12', 'P002') :      218,000.0
           ('F02', 'L09', 'D12', 'P013') :      173,000.0
           ('F02', 'L09', 'D12', 'P018') :      468,000.0
           ('F02', 'L09', 'D12', 'P027') :      670,000.0
           ('F02', 'L09', 'D12', 'P045') :      475,000.0
           ('F02', 'L09', 'D12', 'P046') :      694,000.0
           ('F02', 'L09', 'D12', 'P057') :      640,000.0
           ('F02', 'L09', 'D12', 'P075') :      719,000.0
           ('F02', 'L09', 'D12', 'P079') :      460,000.0
           ('F02', 'L09', 'D12', 'P084') :      515,000.0
           ('F02', 'L09', 'D12', 'P089') :      29,754.05
           ('F02', 'L09', 'D12', 'P098') :       61,000.0
           ('F02', 'L09', 'D16', 'P018') :      434,000.0
           ('F02', 'L09', 'D16', 'P027') :      717,000.0
           ('F02', 'L09', 'D16', 'P032') :      958,000.0
           ('F02', 'L09', 'D16', 'P071') :      371,000.0
           ('F02', 'L09', 'D16', 'P085') :      225,000.0
           ('F02', 'L10', 'D05', 'P076') :      452,000.0
           ('F02', 'L10', 'D10', 'P015') :      843,000.0
           ('F02', 'L10', 'D10', 'P016') :      789,000.0
           ('F02', 'L10', 'D10', 'P037') :      380,000.0
           ('F02', 'L10', 'D10', 'P080') :        2,000.0
           ('F02', 'L10', 'D10', 'P091') :      504,000.0
           ('F02', 'L10', 'D12', 'P015') :      604,000.0
           ('F02', 'L10', 'D12', 'P021') :      258,000.0
           ('F02', 'L10', 'D12', 'P026') :      508,000.0
           ('F02', 'L10', 'D12', 'P028') :      978,000.0
           ('F02', 'L10', 'D12', 'P037') :      568,000.0
           ('F02', 'L10', 'D12', 'P042') :      828,000.0
           ('F02', 'L10', 'D12', 'P082') :      380,000.0
           ('F02', 'L10', 'D12', 'P089') :     555,245.95
           ('F02', 'L10', 'D12', 'P091') :      513,000.0
           ('F02', 'L10', 'D12', 'P092') :      984,000.0
           ('F02', 'L10', 'D12', 'P097') :      497,000.0
           ('F02', 'L10', 'D16', 'P015') :      238,000.0
           ('F02', 'L10', 'D16', 'P020') :      151,000.0
           ('F02', 'L10', 'D16', 'P026') :     685,174.14
           ('F02', 'L10', 'D16', 'P036') :      951,000.0
           ('F02', 'L10', 'D16', 'P037') :      877,000.0
           ('F02', 'L10', 'D16', 'P051') :      875,000.0
           ('F02', 'L10', 'D16', 'P069') :      978,000.0
           ('F02', 'L10', 'D16', 'P076') :      474,000.0
           ('F02', 'L10', 'D16', 'P092') :      689,000.0
           ('F03', 'L12', 'D02', 'P035') :      228,000.0
           ('F03', 'L12', 'D04', 'P035') :      608,000.0
           ('F03', 'L12', 'D04', 'P078') :      378,000.0
           ('F03', 'L12', 'D15', 'P004') :      519,000.0
           ('F03', 'L12', 'D15', 'P013') :      779,000.0
           ('F03', 'L12', 'D15', 'P019') :      525,000.0
           ('F03', 'L12', 'D15', 'P032') :      311,000.0
           ('F03', 'L12', 'D15', 'P035') :      644,000.0
           ('F03', 'L12', 'D15', 'P036') :      277,000.0
           ('F03', 'L12', 'D15', 'P047') :       65,000.0
           ('F03', 'L12', 'D15', 'P057') :      804,000.0
           ('F03', 'L12', 'D15', 'P058') :      615,000.0
           ('F03', 'L12', 'D15', 'P060') :      744,000.0
           ('F03', 'L12', 'D15', 'P066') :       21,000.0
           ('F03', 'L12', 'D15', 'P080') :      277,000.0
           ('F03', 'L12', 'D15', 'P083') :      232,000.0
           ('F03', 'L12', 'D16', 'P007') :       28,000.0
           ('F03', 'L12', 'D16', 'P013') :       13,000.0
           ('F03', 'L12', 'D16', 'P047') :      990,000.0
           ('F03', 'L12', 'D16', 'P058') :      476,000.0
           ('F03', 'L12', 'D17', 'P039') :      587,000.0
           ('F03', 'L12', 'D17', 'P042') :      748,000.0
           ('F03', 'L12', 'D17', 'P043') :      455,000.0
           ('F03', 'L12', 'D17', 'P053') :      691,000.0
           ('F03', 'L12', 'D17', 'P069') :      254,000.0
           ('F03', 'L12', 'D17', 'P073') :      132,000.0
           ('F03', 'L12', 'D17', 'P075') :     672,280.91
           ('F03', 'L12', 'D17', 'P080') :      928,000.0
           ('F03', 'L12', 'D17', 'P083') :       74,000.0
           ('F03', 'L12', 'D17', 'P094') :       81,000.0
           ('F03', 'L12', 'D17', 'P096') :      341,000.0
           ('F03', 'L12', 'D19', 'P004') :      839,000.0
           ('F03', 'L12', 'D19', 'P013') :      782,000.0
           ('F03', 'L12', 'D19', 'P058') :      835,000.0
           ('F03', 'L14', 'D02', 'P048') :     502,112.14
           ('F03', 'L14', 'D05', 'P048') :      899,000.0
           ('F03', 'L14', 'D07', 'P048') :      579,000.0
           ('F03', 'L14', 'D10', 'P048') :      583,000.0
           ('F03', 'L14', 'D13', 'P048') :     778,855.07
           ('F03', 'L14', 'D15', 'P011') :      840,000.0
           ('F03', 'L14', 'D15', 'P029') :      510,000.0
           ('F03', 'L14', 'D15', 'P048') :      904,000.0
           ('F03', 'L14', 'D15', 'P051') :      261,000.0
           ('F03', 'L14', 'D15', 'P056') :      743,000.0
           ('F03', 'L14', 'D15', 'P077') :      279,000.0
           ('F03', 'L14', 'D15', 'P085') :       18,000.0
           ('F03', 'L14', 'D15', 'P095') :      377,000.0
           ('F03', 'L14', 'D16', 'P044') :      684,000.0
           ('F03', 'L14', 'D16', 'P067') :      213,000.0
           ('F03', 'L14', 'D16', 'P077') :      565,000.0
           ('F03', 'L14', 'D16', 'P098') :      605,000.0
           ('F03', 'L14', 'D17', 'P005') :      521,000.0
           ('F03', 'L14', 'D17', 'P011') :      103,000.0
           ('F03', 'L14', 'D17', 'P020') :      112,000.0
           ('F03', 'L14', 'D17', 'P028') :      860,000.0
           ('F03', 'L14', 'D17', 'P048') :      871,000.0
           ('F03', 'L14', 'D17', 'P051') :      567,000.0
           ('F03', 'L14', 'D17', 'P059') :      246,000.0
           ('F03', 'L14', 'D17', 'P061') :       98,000.0
           ('F03', 'L14', 'D17', 'P068') :      790,000.0
           ('F03', 'L14', 'D17', 'P071') :       55,000.0
           ('F03', 'L14', 'D17', 'P075') :     325,719.09
           ('F03', 'L14', 'D17', 'P086') :      349,000.0
           ('F03', 'L14', 'D17', 'P088') :      244,000.0
           ('F03', 'L14', 'D17', 'P091') :      409,000.0
           ('F03', 'L14', 'D19', 'P003') :      767,000.0
           ('F03', 'L14', 'D19', 'P051') :      357,000.0
           ('F03', 'L14', 'D19', 'P067') :      446,000.0
           ('F03', 'L14', 'D19', 'P075') :      490,000.0
           ('F04', 'L17', 'D01', 'P014') :      195,000.0
           ('F04', 'L17', 'D01', 'P020') :      762,000.0
           ('F04', 'L17', 'D01', 'P062') :     252,974.74
           ('F04', 'L17', 'D01', 'P074') :      912,000.0
           ('F04', 'L17', 'D02', 'P014') :      664,000.0
           ('F04', 'L17', 'D02', 'P020') :      819,000.0
           ('F04', 'L17', 'D02', 'P025') :      631,000.0
           ('F04', 'L17', 'D02', 'P080') :     396,089.12
           ('F04', 'L17', 'D02', 'P098') :      446,000.0
           ('F04', 'L17', 'D04', 'P029') :      856,000.0
           ('F04', 'L17', 'D04', 'P074') :      766,000.0
           ('F04', 'L17', 'D05', 'P025') :      279,000.0
           ('F04', 'L17', 'D05', 'P062') :      717,000.0
           ('F04', 'L17', 'D07', 'P020') :      129,000.0
           ('F04', 'L17', 'D11', 'P020') :      979,000.0
           ('F04', 'L17', 'D11', 'P080') :      899,000.0
           ('F04', 'L17', 'D11', 'P089') :      266,000.0
           ('F04', 'L17', 'D11', 'P098') :      234,000.0
           ('F04', 'L17', 'D16', 'P053') :      942,000.0
           ('F04', 'L17', 'D19', 'P053') :      996,000.0
           ('F04', 'L17', 'D19', 'P080') :      825,000.0
           ('F04', 'L17', 'D19', 'P089') :      512,000.0
           ('F04', 'L17', 'D19', 'P090') :      931,000.0
           ('F04', 'L17', 'D20', 'P025') :      890,000.0
           ('F04', 'L17', 'D20', 'P090') :      622,000.0
           ('F04', 'L18', 'D01', 'P006') :       69,000.0
           ('F04', 'L18', 'D01', 'P019') :      823,000.0
           ('F04', 'L18', 'D01', 'P033') :      740,000.0
           ('F04', 'L18', 'D01', 'P070') :      941,000.0
           ('F04', 'L18', 'D02', 'P023') :      774,000.0
           ('F04', 'L18', 'D02', 'P096') :      943,000.0
           ('F04', 'L18', 'D04', 'P033') :      446,000.0
           ('F04', 'L18', 'D04', 'P039') :      721,000.0
           ('F04', 'L18', 'D04', 'P050') :      987,000.0
           ('F04', 'L18', 'D04', 'P067') :      667,000.0
           ('F04', 'L18', 'D04', 'P087') :      756,000.0
           ('F04', 'L18', 'D05', 'P054') :      718,000.0
           ('F04', 'L18', 'D07', 'P023') :       56,000.0
           ('F04', 'L18', 'D07', 'P042') :      228,000.0
           ('F04', 'L18', 'D11', 'P039') :      734,000.0
           ('F04', 'L18', 'D11', 'P054') :      108,000.0
           ('F04', 'L18', 'D11', 'P087') :      139,000.0
           ('F04', 'L18', 'D11', 'P096') :      544,000.0
           ('F04', 'L18', 'D15', 'P023') :       47,000.0
           ('F04', 'L18', 'D15', 'P054') :      399,000.0
           ('F04', 'L18', 'D19', 'P001') :      880,000.0
           ('F04', 'L18', 'D19', 'P007') :      592,103.1
           ('F04', 'L18', 'D19', 'P042') :      509,000.0
           ('F04', 'L18', 'D19', 'P043') :      536,000.0
           ('F04', 'L18', 'D19', 'P050') :      297,000.0
           ('F04', 'L18', 'D19', 'P054') :      367,000.0
           ('F04', 'L18', 'D19', 'P057') :      689,000.0
           ('F04', 'L18', 'D20', 'P039') :      715,000.0
           ('F04', 'L18', 'D20', 'P042') :        9,000.0
           ('F04', 'L19', 'D01', 'P012') :      98,313.38
           ('F04', 'L19', 'D01', 'P077') :      578,000.0
           ('F04', 'L19', 'D01', 'P085') :       21,000.0
           ('F04', 'L19', 'D01', 'P094') :      642,000.0
           ('F04', 'L19', 'D02', 'P018') :      821,000.0
           ('F04', 'L19', 'D02', 'P021') :      606,000.0
           ('F04', 'L19', 'D02', 'P068') :       48,000.0
           ('F04', 'L19', 'D02', 'P079') :      444,000.0
           ('F04', 'L19', 'D02', 'P094') :      823,000.0
           ('F04', 'L19', 'D04', 'P065') :      36,961.01
           ('F04', 'L19', 'D04', 'P069') :      559,000.0
           ('F04', 'L19', 'D04', 'P072') :      610,000.0
           ('F04', 'L19', 'D05', 'P010') :      952,000.0
           ('F04', 'L19', 'D05', 'P016') :      453,000.0
           ('F04', 'L19', 'D05', 'P079') :      576,000.0
           ('F04', 'L19', 'D05', 'P094') :      997,000.0
           ('F04', 'L19', 'D07', 'P068') :      976,000.0
           ('F04', 'L19', 'D07', 'P072') :      157,000.0
           ('F04', 'L19', 'D11', 'P002') :      449,000.0
           ('F04', 'L19', 'D11', 'P018') :      377,000.0
           ('F04', 'L19', 'D11', 'P088') :      301,000.0
           ('F04', 'L19', 'D19', 'P010') :      568,000.0
           ('F04', 'L19', 'D19', 'P012') :      928,000.0
           ('F04', 'L19', 'D19', 'P085') :      689,000.0
           ('F04', 'L19', 'D20', 'P021') :      895,000.0
           ('F04', 'L19', 'D20', 'P072') :      372,000.0
           ('F04', 'L19', 'D20', 'P077') :      202,000.0
           ('F04', 'L19', 'D20', 'P078') :       19,000.0
           ('F04', 'L19', 'D20', 'P079') :      545,000.0
           ('F04', 'L19', 'D20', 'P094') :      505,000.0
           ('F04', 'L20', 'D01', 'P041') :      718,000.0
           ('F04', 'L20', 'D01', 'P061') :      713,000.0
           ('F04', 'L20', 'D01', 'P081') :       91,000.0
           ('F04', 'L20', 'D02', 'P003') :       67,000.0
           ('F04', 'L20', 'D02', 'P015') :     500,161.58
           ('F04', 'L20', 'D02', 'P036') :      319,000.0
           ('F04', 'L20', 'D02', 'P040') :      633,000.0
           ('F04', 'L20', 'D02', 'P100') :      620,000.0
           ('F04', 'L20', 'D04', 'P028') :      256,000.0
           ('F04', 'L20', 'D04', 'P037') :       59,000.0
           ('F04', 'L20', 'D04', 'P064') :       64,000.0
           ('F04', 'L20', 'D05', 'P100') :      363,000.0
           ('F04', 'L20', 'D07', 'P003') :      994,000.0
           ('F04', 'L20', 'D07', 'P028') :      272,000.0
           ('F04', 'L20', 'D07', 'P040') :      851,000.0
           ('F04', 'L20', 'D08', 'P040') :        8,000.0
           ('F04', 'L20', 'D11', 'P003') :        9,000.0
           ('F04', 'L20', 'D11', 'P017') :      465,000.0
           ('F04', 'L20', 'D11', 'P028') :      555,000.0
           ('F04', 'L20', 'D11', 'P037') :      134,000.0
           ('F04', 'L20', 'D11', 'P040') :      477,000.0
           ('F04', 'L20', 'D11', 'P064') :      460,000.0
           ('F04', 'L20', 'D11', 'P073') :      947,000.0
           ('F04', 'L20', 'D11', 'P092') :      227,000.0
           ('F04', 'L20', 'D11', 'P097') :      738,000.0
           ('F04', 'L20', 'D14', 'P040') :      555,000.0
           ('F04', 'L20', 'D15', 'P040') :       71,000.0
           ('F04', 'L20', 'D19', 'P040') :      287,000.0
           ('F04', 'L20', 'D19', 'P081') :      776,000.0
           ('F04', 'L20', 'D19', 'P092') :     411,886.65
           ('F04', 'L20', 'D19', 'P100') :        4,000.0
           ('F04', 'L20', 'D20', 'P017') :      437,000.0
           ('F04', 'L20', 'D20', 'P035') :      429,000.0
           ('F04', 'L20', 'D20', 'P076') :      872,000.0
           ('F04', 'L20', 'D20', 'P081') :      604,000.0
           ('F04', 'L21', 'D01', 'P007') :      149,000.0
           ('F04', 'L21', 'D01', 'P024') :      991,000.0
           ('F04', 'L21', 'D01', 'P031') :      153,000.0
           ('F04', 'L21', 'D01', 'P056') :      289,000.0
           ('F04', 'L21', 'D01', 'P062') :     530,025.26
           ('F04', 'L21', 'D01', 'P066') :      133,000.0
           ('F04', 'L21', 'D01', 'P082') :      852,000.0
           ('F04', 'L21', 'D02', 'P007') :      779,000.0
           ('F04', 'L21', 'D02', 'P034') :      955,000.0
           ('F04', 'L21', 'D02', 'P062') :      302,000.0
           ('F04', 'L21', 'D02', 'P083') :      283,000.0
           ('F04', 'L21', 'D02', 'P092') :      851,000.0
           ('F04', 'L21', 'D04', 'P056') :      948,000.0
           ('F04', 'L21', 'D04', 'P062') :       86,000.0
           ('F04', 'L21', 'D04', 'P065') :     833,038.99
           ('F04', 'L21', 'D04', 'P086') :      602,000.0
           ('F04', 'L21', 'D05', 'P024') :       33,000.0
           ('F04', 'L21', 'D05', 'P056') :      180,000.0
           ('F04', 'L21', 'D08', 'P007') :      812,000.0
           ('F04', 'L21', 'D11', 'P065') :      837,000.0
           ('F04', 'L21', 'D11', 'P083') :      112,000.0
           ('F04', 'L21', 'D11', 'P086') :      653,000.0
           ('F04', 'L21', 'D19', 'P007') :      403,896.9
           ('F04', 'L21', 'D19', 'P038') :      887,000.0
           ('F04', 'L21', 'D19', 'P059') :      457,000.0
           ('F04', 'L21', 'D19', 'P062') :      649,000.0
           ('F04', 'L21', 'D19', 'P084') :      412,000.0
           ('F04', 'L21', 'D19', 'P086') :      930,000.0
           ('F04', 'L21', 'D19', 'P092') :      83,113.35
           ('F04', 'L21', 'D20', 'P024') :      153,000.0
           ('F04', 'L21', 'D20', 'P038') :      233,000.0
           ('F04', 'L21', 'D20', 'P082') :      978,000.0
           ('F04', 'L21', 'D20', 'P083') :      549,000.0
           ('F04', 'L21', 'D20', 'P086') :      875,000.0
           ('F05', 'L24', 'D03', 'P008') :      277,000.0
           ('F05', 'L24', 'D03', 'P010') :      501,000.0
           ('F05', 'L24', 'D03', 'P017') :      503,000.0
           ('F05', 'L24', 'D03', 'P018') :      456,000.0
           ('F05', 'L24', 'D03', 'P021') :      259,000.0
           ('F05', 'L24', 'D03', 'P024') :      647,000.0
           ('F05', 'L24', 'D03', 'P025') :      867,000.0
           ('F05', 'L24', 'D03', 'P026') :      515,000.0
           ('F05', 'L24', 'D03', 'P037') :      162,000.0
           ('F05', 'L24', 'D03', 'P040') :      550,000.0
           ('F05', 'L24', 'D03', 'P043') :       30,000.0
           ('F05', 'L24', 'D03', 'P045') :      378,000.0
           ('F05', 'L24', 'D03', 'P049') :      687,000.0
           ('F05', 'L24', 'D03', 'P054') :      358,000.0
           ('F05', 'L24', 'D03', 'P060') :      404,000.0
           ('F05', 'L24', 'D03', 'P061') :      791,000.0
           ('F05', 'L24', 'D03', 'P063') :      218,000.0
           ('F05', 'L24', 'D03', 'P064') :      685,000.0
           ('F05', 'L24', 'D03', 'P075') :      332,000.0
           ('F05', 'L24', 'D03', 'P077') :      860,000.0
           ('F05', 'L24', 'D03', 'P078') :     821,249.49
           ('F05', 'L24', 'D03', 'P079') :      724,000.0
           ('F05', 'L24', 'D03', 'P081') :      290,000.0
           ('F05', 'L24', 'D03', 'P082') :        4,000.0
           ('F05', 'L24', 'D03', 'P087') :      270,000.0
           ('F05', 'L24', 'D03', 'P093') :      796,000.0
           ('F05', 'L24', 'D06', 'P022') :        1,000.0
           ('F05', 'L24', 'D06', 'P030') :      851,000.0
           ('F05', 'L24', 'D06', 'P037') :      380,000.0
           ('F05', 'L24', 'D06', 'P040') :      834,000.0
           ('F05', 'L24', 'D06', 'P043') :      145,000.0
           ('F05', 'L24', 'D06', 'P064') :      317,000.0
           ('F05', 'L24', 'D06', 'P079') :       28,000.0
           ('F05', 'L24', 'D06', 'P082') :      759,000.0
           ('F05', 'L24', 'D06', 'P084') :      440,000.0
           ('F05', 'L24', 'D06', 'P093') :      206,000.0
           ('F05', 'L24', 'D06', 'P096') :      145,000.0
           ('F05', 'L24', 'D07', 'P081') :       35,000.0
           ('F05', 'L24', 'D11', 'P069') :      491,000.0
           ('F05', 'L24', 'D11', 'P081') :       70,000.0
           ('F06', 'L28', 'D02', 'P031') :      338,000.0
           ('F06', 'L28', 'D05', 'P006') :      892,000.0
           ('F06', 'L28', 'D05', 'P009') :      290,000.0
           ('F06', 'L28', 'D05', 'P011') :      644,000.0
           ('F06', 'L28', 'D05', 'P022') :      965,000.0
           ('F06', 'L28', 'D05', 'P027') :      73,422.39
           ('F06', 'L28', 'D05', 'P028') :      529,000.0
           ('F06', 'L28', 'D05', 'P030') :      547,000.0
           ('F06', 'L28', 'D05', 'P032') :      451,000.0
           ('F06', 'L28', 'D05', 'P033') :      597,000.0
           ('F06', 'L28', 'D05', 'P038') :      306,000.0
           ('F06', 'L28', 'D05', 'P045') :      922,000.0
           ('F06', 'L28', 'D05', 'P049') :      214,000.0
           ('F06', 'L28', 'D05', 'P051') :      667,000.0
           ('F06', 'L28', 'D05', 'P052') :      342,000.0
           ('F06', 'L28', 'D05', 'P063') :      503,000.0
           ('F06', 'L28', 'D05', 'P066') :      825,000.0
           ('F06', 'L28', 'D05', 'P067') :      849,000.0
           ('F06', 'L28', 'D05', 'P069') :      595,000.0
           ('F06', 'L28', 'D05', 'P073') :      121,000.0
           ('F06', 'L28', 'D05', 'P075') :      630,000.0
           ('F06', 'L28', 'D05', 'P080') :      944,000.0
           ('F06', 'L28', 'D05', 'P084') :      933,000.0
           ('F06', 'L28', 'D05', 'P097') :      131,000.0
           ('F06', 'L28', 'D20', 'P001') :      613,000.0
           ('F06', 'L28', 'D20', 'P022') :      218,000.0
           ('F06', 'L28', 'D20', 'P036') :      412,000.0
           ('F06', 'L28', 'D20', 'P046') :      241,000.0
           ('F06', 'L28', 'D20', 'P059') :     107,977.76
           ('F06', 'L28', 'D20', 'P065') :      522,000.0
           ('F06', 'L28', 'D20', 'P075') :      302,000.0
           ('F06', 'L28', 'D20', 'P084') :      174,000.0
           ('F06', 'L28', 'D20', 'P092') :       23,000.0
           ('F07', 'L32', 'D02', 'P015') :     418,838.42
           ('F07', 'L32', 'D02', 'P061') :      568,000.0
           ('F07', 'L32', 'D02', 'P066') :      414,000.0
           ('F07', 'L32', 'D02', 'P069') :       60,000.0
           ('F07', 'L32', 'D02', 'P075') :      754,000.0
           ('F07', 'L32', 'D06', 'P007') :      238,000.0
           ('F07', 'L32', 'D06', 'P067') :      331,000.0
           ('F07', 'L32', 'D06', 'P078') :      776,000.0
           ('F07', 'L32', 'D06', 'P097') :      121,000.0
           ('F07', 'L32', 'D08', 'P075') :       82,000.0
           ('F07', 'L32', 'D09', 'P009') :      699,000.0
           ('F07', 'L32', 'D09', 'P015') :        7,000.0
           ('F07', 'L32', 'D09', 'P028') :      884,000.0
           ('F07', 'L32', 'D09', 'P037') :      877,000.0
           ('F07', 'L32', 'D09', 'P043') :      473,000.0
           ('F07', 'L32', 'D09', 'P044') :       90,000.0
           ('F07', 'L32', 'D09', 'P047') :     247,015.22
           ('F07', 'L32', 'D09', 'P050') :      531,000.0
           ('F07', 'L32', 'D09', 'P059') :       91,000.0
           ('F07', 'L32', 'D09', 'P078') :      130,000.0
           ('F07', 'L32', 'D09', 'P092') :      512,000.0
           ('F07', 'L32', 'D09', 'P097') :      407,000.0
           ('F07', 'L32', 'D11', 'P050') :      622,000.0
           ('F07', 'L32', 'D11', 'P075') :      973,000.0
           ('F07', 'L32', 'D14', 'P009') :      103,000.0
           ('F07', 'L32', 'D14', 'P015') :      88,516.77
           ('F07', 'L32', 'D14', 'P043') :      389,000.0
           ('F07', 'L32', 'D14', 'P061') :      337,000.0
           ('F07', 'L32', 'D14', 'P070') :      875,000.0
           ('F07', 'L32', 'D14', 'P093') :       84,000.0
           ('F07', 'L32', 'D14', 'P096') :      829,000.0
           ('F07', 'L32', 'D14', 'P097') :      188,000.0
           ('F07', 'L32', 'D18', 'P007') :      711,000.0
           ('F07', 'L32', 'D18', 'P037') :       63,000.0
           ('F07', 'L32', 'D18', 'P043') :      308,000.0
           ('F07', 'L32', 'D18', 'P067') :      702,000.0
           ('F07', 'L32', 'D18', 'P075') :      824,000.0
           ('F07', 'L32', 'D18', 'P090') :      576,000.0
           ('F07', 'L34', 'D02', 'P027') :      489,000.0
           ('F07', 'L34', 'D02', 'P033') :      420,000.0
           ('F07', 'L34', 'D02', 'P038') :      231,000.0
           ('F07', 'L34', 'D02', 'P084') :      216,000.0
           ('F07', 'L34', 'D06', 'P038') :      230,000.0
           ('F07', 'L34', 'D06', 'P045') :      149,000.0
           ('F07', 'L34', 'D06', 'P056') :      968,000.0
           ('F07', 'L34', 'D06', 'P071') :       25,000.0
           ('F07', 'L34', 'D06', 'P083') :      233,000.0
           ('F07', 'L34', 'D09', 'P016') :      605,000.0
           ('F07', 'L34', 'D09', 'P025') :      610,000.0
           ('F07', 'L34', 'D09', 'P033') :       59,000.0
           ('F07', 'L34', 'D09', 'P038') :      811,000.0
           ('F07', 'L34', 'D09', 'P047') :      20,984.78
           ('F07', 'L34', 'D09', 'P048') :      155,000.0
           ('F07', 'L34', 'D09', 'P056') :      743,000.0
           ('F07', 'L34', 'D09', 'P071') :      121,000.0
           ('F07', 'L34', 'D09', 'P073') :      100,000.0
           ('F07', 'L34', 'D09', 'P076') :      657,000.0
           ('F07', 'L34', 'D09', 'P077') :      739,000.0
           ('F07', 'L34', 'D09', 'P083') :      675,000.0
           ('F07', 'L34', 'D09', 'P084') :      106,000.0
           ('F07', 'L34', 'D11', 'P026') :      489,000.0
           ('F07', 'L34', 'D14', 'P014') :      884,000.0
           ('F07', 'L34', 'D14', 'P016') :      854,000.0
           ('F07', 'L34', 'D14', 'P038') :      275,000.0
           ('F07', 'L34', 'D14', 'P045') :      655,000.0
           ('F07', 'L34', 'D14', 'P056') :      902,000.0
           ('F07', 'L34', 'D14', 'P060') :       67,000.0
           ('F07', 'L34', 'D14', 'P064') :      613,000.0
           ('F07', 'L34', 'D14', 'P076') :      281,000.0
           ('F07', 'L34', 'D14', 'P083') :      374,000.0
           ('F07', 'L34', 'D18', 'P045') :      754,000.0
           ('F07', 'L34', 'D18', 'P094') :      603,000.0
           ('F07', 'L35', 'D02', 'P004') :      281,000.0
           ('F07', 'L35', 'D02', 'P008') :      874,000.0
           ('F07', 'L35', 'D02', 'P012') :      426,000.0
           ('F07', 'L35', 'D02', 'P054') :       92,000.0
           ('F07', 'L35', 'D02', 'P080') :     163,910.88
           ('F07', 'L35', 'D02', 'P082') :      379,000.0
           ('F07', 'L35', 'D02', 'P091') :      689,000.0
           ('F07', 'L35', 'D06', 'P008') :      716,000.0
           ('F07', 'L35', 'D06', 'P029') :      654,000.0
           ('F07', 'L35', 'D06', 'P049') :      381,000.0
           ('F07', 'L35', 'D06', 'P057') :     116,551.32
           ('F07', 'L35', 'D08', 'P024') :      506,000.0
           ('F07', 'L35', 'D09', 'P002') :      408,000.0
           ('F07', 'L35', 'D09', 'P008') :      905,000.0
           ('F07', 'L35', 'D09', 'P011') :      555,000.0
           ('F07', 'L35', 'D09', 'P024') :      894,000.0
           ('F07', 'L35', 'D09', 'P039') :      111,000.0
           ('F07', 'L35', 'D09', 'P057') :      568,000.0
           ('F07', 'L35', 'D09', 'P074') :      561,000.0
           ('F07', 'L35', 'D09', 'P082') :      107,000.0
           ('F07', 'L35', 'D09', 'P098') :      311,000.0
           ('F07', 'L35', 'D11', 'P024') :      238,000.0
           ('F07', 'L35', 'D11', 'P029') :      657,000.0
           ('F07', 'L35', 'D14', 'P004') :       73,000.0
           ('F07', 'L35', 'D14', 'P011') :      602,000.0
           ('F07', 'L35', 'D14', 'P012') :      443,000.0
           ('F07', 'L35', 'D14', 'P017') :      521,000.0
           ('F07', 'L35', 'D14', 'P053') :      324,000.0
           ('F07', 'L35', 'D14', 'P054') :      459,000.0
           ('F07', 'L35', 'D14', 'P057') :       54,000.0
           ('F07', 'L35', 'D14', 'P080') :      501,000.0
           ('F07', 'L35', 'D14', 'P082') :       60,000.0
           ('F07', 'L35', 'D14', 'P089') :      799,000.0
           ('F07', 'L35', 'D14', 'P098') :      108,000.0
           ('F07', 'L35', 'D18', 'P001') :      892,000.0
           ('F07', 'L35', 'D18', 'P012') :      510,000.0
           ('F07', 'L35', 'D18', 'P017') :      176,000.0
           ('F07', 'L35', 'D18', 'P024') :      207,000.0
           ('F07', 'L35', 'D18', 'P046') :      295,000.0
           ('F07', 'L35', 'D18', 'P072') :      133,000.0
           ('F08', 'L38', 'D04', 'P014') :      765,000.0
           ('F08', 'L38', 'D04', 'P016') :      951,000.0
           ('F08', 'L38', 'D04', 'P031') :      101,000.0
           ('F08', 'L38', 'D04', 'P034') :      793,000.0
           ('F08', 'L38', 'D04', 'P044') :      742,000.0
           ('F08', 'L38', 'D04', 'P061') :      811,000.0
           ('F08', 'L38', 'D04', 'P073') :      275,000.0
           ('F08', 'L38', 'D04', 'P080') :      714,000.0
           ('F08', 'L38', 'D04', 'P093') :      629,000.0
           ('F08', 'L38', 'D07', 'P002') :      814,000.0
           ('F08', 'L38', 'D07', 'P016') :      856,000.0
           ('F08', 'L38', 'D07', 'P017') :      464,000.0
           ('F08', 'L38', 'D07', 'P024') :       50,000.0
           ('F08', 'L38', 'D07', 'P026') :     537,414.64
           ('F08', 'L38', 'D07', 'P034') :      164,000.0
           ('F08', 'L38', 'D07', 'P039') :      431,000.0
           ('F08', 'L38', 'D07', 'P052') :      826,000.0
           ('F08', 'L38', 'D07', 'P062') :      273,000.0
           ('F08', 'L38', 'D07', 'P083') :      613,000.0
           ('F08', 'L38', 'D07', 'P093') :      299,000.0
           ('F08', 'L38', 'D07', 'P095') :      596,000.0
           ('F08', 'L38', 'D07', 'P097') :      468,000.0
           ('F08', 'L38', 'D08', 'P002') :      305,000.0
           ('F08', 'L38', 'D08', 'P012') :      44,386.63
           ('F08', 'L38', 'D08', 'P083') :      994,000.0
           ('F08', 'L38', 'D08', 'P094') :      303,000.0
           ('F08', 'L38', 'D08', 'P095') :      129,000.0
           ('F08', 'L38', 'D10', 'P094') :      536,000.0
           ('F08', 'L38', 'D15', 'P031') :      301,000.0
           ('F08', 'L38', 'D16', 'P001') :      848,000.0
           ('F08', 'L38', 'D16', 'P017') :      693,000.0
           ('F08', 'L38', 'D16', 'P060') :      725,000.0
           ('F08', 'L38', 'D16', 'P080') :      341,000.0
           ('F08', 'L40', 'D04', 'P011') :      983,000.0
           ('F08', 'L40', 'D04', 'P027') :      767,000.0
           ('F08', 'L40', 'D04', 'P030') :      113,000.0
           ('F08', 'L40', 'D04', 'P038') :      741,000.0
           ('F08', 'L40', 'D04', 'P045') :      400,000.0
           ('F08', 'L40', 'D04', 'P059') :      921,000.0
           ('F08', 'L40', 'D04', 'P066') :      305,000.0
           ('F08', 'L40', 'D07', 'P006') :       52,000.0
           ('F08', 'L40', 'D07', 'P013') :      682,000.0
           ('F08', 'L40', 'D07', 'P026') :     372,585.36
           ('F08', 'L40', 'D07', 'P027') :      273,000.0
           ('F08', 'L40', 'D07', 'P035') :      125,000.0
           ('F08', 'L40', 'D07', 'P045') :      593,000.0
           ('F08', 'L40', 'D07', 'P049') :      660,000.0
           ('F08', 'L40', 'D07', 'P050') :      805,000.0
           ('F08', 'L40', 'D07', 'P059') :      793,000.0
           ('F08', 'L40', 'D07', 'P064') :      947,000.0
           ('F08', 'L40', 'D07', 'P066') :      512,000.0
           ('F08', 'L40', 'D07', 'P067') :      496,000.0
           ('F08', 'L40', 'D07', 'P076') :      968,000.0
           ('F08', 'L40', 'D07', 'P082') :      735,000.0
           ('F08', 'L40', 'D07', 'P086') :      930,000.0
           ('F08', 'L40', 'D07', 'P087') :      132,000.0
           ('F08', 'L40', 'D08', 'P022') :      552,000.0
           ('F08', 'L40', 'D08', 'P045') :      384,000.0
           ('F08', 'L40', 'D08', 'P066') :      199,000.0
           ('F08', 'L40', 'D15', 'P027') :       64,000.0
           ('F08', 'L40', 'D16', 'P045') :      858,000.0
           ('F09', 'L43', 'D05', 'P050') :      571,000.0
           ('F09', 'L43', 'D10', 'P001') :      503,000.0
           ('F09', 'L43', 'D10', 'P007') :      725,000.0
           ('F09', 'L43', 'D10', 'P014') :      200,000.0
           ('F09', 'L43', 'D10', 'P041') :      109,000.0
           ('F09', 'L43', 'D10', 'P042') :      224,000.0
           ('F09', 'L43', 'D10', 'P058') :      329,000.0
           ('F09', 'L43', 'D10', 'P078') :      191,000.0
           ('F09', 'L43', 'D10', 'P082') :      798,000.0
           ('F09', 'L43', 'D13', 'P001') :      306,000.0
           ('F09', 'L43', 'D13', 'P002') :      665,000.0
           ('F09', 'L43', 'D13', 'P007') :      404,000.0
           ('F09', 'L43', 'D13', 'P017') :      136,000.0
           ('F09', 'L43', 'D13', 'P024') :      972,000.0
           ('F09', 'L43', 'D13', 'P037') :      370,000.0
           ('F09', 'L43', 'D13', 'P039') :      176,961.1
           ('F09', 'L43', 'D13', 'P040') :      274,000.0
           ('F09', 'L43', 'D13', 'P048') :      34,144.93
           ('F09', 'L43', 'D13', 'P057') :      929,000.0
           ('F09', 'L43', 'D13', 'P072') :      355,000.0
           ('F09', 'L43', 'D13', 'P075') :     641,350.79
           ('F09', 'L43', 'D13', 'P078') :      748,000.0
           ('F09', 'L43', 'D13', 'P083') :      249,000.0
           ('F09', 'L43', 'D13', 'P097') :      250,000.0
           ('F09', 'L43', 'D14', 'P058') :      147,000.0
           ('F09', 'L43', 'D15', 'P002') :      809,000.0
           ('F09', 'L43', 'D15', 'P007') :      428,000.0
           ('F09', 'L43', 'D15', 'P009') :      878,000.0
           ('F09', 'L43', 'D15', 'P012') :      373,000.0
           ('F09', 'L43', 'D15', 'P014') :      399,000.0
           ('F09', 'L43', 'D15', 'P050') :      825,000.0
           ('F09', 'L43', 'D15', 'P052') :      144,000.0
           ('F09', 'L43', 'D15', 'P072') :      391,000.0
           ('F09', 'L43', 'D15', 'P082') :      825,000.0
           ('F09', 'L43', 'D15', 'P086') :      837,000.0
           ('F10', 'L45', 'D03', 'P007') :      912,000.0
           ('F10', 'L45', 'D03', 'P029') :      129,000.0
           ('F10', 'L45', 'D03', 'P032') :      514,000.0
           ('F10', 'L45', 'D03', 'P038') :      783,000.0
           ('F10', 'L45', 'D03', 'P042') :       68,000.0
           ('F10', 'L45', 'D03', 'P059') :      230,000.0
           ('F10', 'L45', 'D03', 'P078') :       9,750.51
           ('F10', 'L45', 'D06', 'P042') :      727,000.0
           ('F10', 'L45', 'D06', 'P089') :      392,000.0
           ('F10', 'L45', 'D08', 'P006') :      205,000.0
           ('F10', 'L45', 'D08', 'P013') :      537,000.0
           ('F10', 'L45', 'D08', 'P026') :      994,000.0
           ('F10', 'L45', 'D08', 'P029') :       27,000.0
           ('F10', 'L45', 'D08', 'P059') :      714,000.0
           ('F10', 'L45', 'D08', 'P078') :      678,000.0
           ('F10', 'L45', 'D08', 'P081') :      789,000.0
           ('F10', 'L45', 'D13', 'P006') :       97,000.0
           ('F10', 'L45', 'D13', 'P009') :      703,000.0
           ('F10', 'L45', 'D13', 'P013') :      937,000.0
           ('F10', 'L45', 'D13', 'P029') :      186,000.0
           ('F10', 'L45', 'D13', 'P049') :      835,000.0
           ('F10', 'L45', 'D13', 'P087') :      505,000.0
           ('F10', 'L45', 'D18', 'P009') :      467,000.0
           ('F10', 'L45', 'D18', 'P032') :      927,000.0
           ('F10', 'L45', 'D18', 'P061') :      588,000.0
           ('F10', 'L45', 'D18', 'P087') :      366,000.0
           ('F10', 'L45', 'D18', 'P089') :      929,000.0
           ('F10', 'L45', 'D20', 'P004') :      906,000.0
           ('F10', 'L45', 'D20', 'P013') :     862,486.72
           ('F10', 'L45', 'D20', 'P059') :      29,022.24
           ('F10', 'L46', 'D03', 'P023') :      453,000.0
           ('F10', 'L46', 'D03', 'P055') :      700,000.0
           ('F10', 'L46', 'D03', 'P062') :      424,000.0
           ('F10', 'L46', 'D03', 'P071') :      780,000.0
           ('F10', 'L46', 'D03', 'P074') :      709,000.0
           ('F10', 'L46', 'D06', 'P005') :      550,000.0
           ('F10', 'L46', 'D06', 'P052') :      768,000.0
           ('F10', 'L46', 'D06', 'P074') :      279,000.0
           ('F10', 'L46', 'D06', 'P098') :      524,000.0
           ('F10', 'L46', 'D08', 'P019') :      606,000.0
           ('F10', 'L46', 'D08', 'P030') :       64,000.0
           ('F10', 'L46', 'D08', 'P039') :     275,587.53
           ('F10', 'L46', 'D08', 'P046') :      124,000.0
           ('F10', 'L46', 'D08', 'P048') :      669,000.0
           ('F10', 'L46', 'D08', 'P062') :      838,000.0
           ('F10', 'L46', 'D08', 'P070') :      238,000.0
           ('F10', 'L46', 'D08', 'P071') :      546,000.0
           ('F10', 'L46', 'D08', 'P077') :      905,000.0
           ('F10', 'L46', 'D13', 'P062') :      769,000.0
           ('F10', 'L46', 'D13', 'P070') :      378,000.0
           ('F10', 'L46', 'D13', 'P077') :      536,000.0
           ('F10', 'L46', 'D13', 'P090') :       94,000.0
           ('F10', 'L46', 'D14', 'P052') :      788,000.0
           ('F10', 'L46', 'D18', 'P020') :      165,000.0
           ('F10', 'L46', 'D18', 'P023') :      231,000.0
           ('F10', 'L46', 'D18', 'P027') :      350,000.0
           ('F10', 'L46', 'D18', 'P030') :      575,000.0
           ('F10', 'L46', 'D18', 'P048') :      225,000.0
           ('F10', 'L46', 'D18', 'P062') :      480,000.0
           ('F10', 'L46', 'D18', 'P070') :       97,000.0
           ('F10', 'L46', 'D18', 'P085') :      761,000.0
           ('F10', 'L46', 'D20', 'P030') :      300,000.0
           ('F10', 'L46', 'D20', 'P041') :      617,000.0
           ('F10', 'L46', 'D20', 'P074') :      226,000.0
           ('F10', 'L47', 'D03', 'P003') :      621,000.0
           ('F10', 'L47', 'D03', 'P014') :      733,000.0
           ('F10', 'L47', 'D03', 'P028') :      459,000.0
           ('F10', 'L47', 'D03', 'P051') :      640,000.0
           ('F10', 'L47', 'D03', 'P086') :       68,000.0
           ('F10', 'L47', 'D03', 'P088') :      336,000.0
           ('F10', 'L47', 'D03', 'P092') :      452,000.0
           ('F10', 'L47', 'D06', 'P014') :      825,000.0
           ('F10', 'L47', 'D06', 'P057') :       1,448.68
           ('F10', 'L47', 'D06', 'P092') :      906,000.0
           ('F10', 'L47', 'D08', 'P008') :      383,000.0
           ('F10', 'L47', 'D08', 'P014') :      345,000.0
           ('F10', 'L47', 'D08', 'P028') :      194,000.0
           ('F10', 'L47', 'D08', 'P047') :      977,000.0
           ('F10', 'L47', 'D08', 'P051') :      537,000.0
           ('F10', 'L47', 'D08', 'P057') :      451,000.0
           ('F10', 'L47', 'D08', 'P063') :      258,000.0
           ('F10', 'L47', 'D08', 'P069') :      119,000.0
           ('F10', 'L47', 'D08', 'P073') :      784,000.0
           ('F10', 'L47', 'D08', 'P086') :      497,000.0
           ('F10', 'L47', 'D08', 'P092') :      779,000.0
           ('F10', 'L47', 'D13', 'P008') :      888,000.0
           ('F10', 'L47', 'D13', 'P033') :      333,000.0
           ('F10', 'L47', 'D13', 'P047') :      637,000.0
           ('F10', 'L47', 'D13', 'P063') :      128,000.0
           ('F10', 'L47', 'D13', 'P075') :     352,649.21
           ('F10', 'L47', 'D13', 'P095') :       39,000.0
           ('F10', 'L47', 'D14', 'P028') :      500,000.0
           ('F10', 'L47', 'D14', 'P047') :       39,000.0
           ('F10', 'L47', 'D18', 'P008') :      502,000.0
           ('F10', 'L47', 'D18', 'P014') :      259,000.0
           ('F10', 'L47', 'D18', 'P073') :       84,000.0
           ('F10', 'L47', 'D18', 'P088') :      988,000.0
           ('F10', 'L47', 'D18', 'P092') :      827,000.0
           ('F10', 'L47', 'D19', 'P034') :      208,000.0
           ('F10', 'L47', 'D19', 'P073') :       57,000.0
           ('F10', 'L47', 'D20', 'P013') :      20,513.28
           ('F10', 'L49', 'D03', 'P011') :      196,000.0
           ('F10', 'L49', 'D03', 'P012') :      803,000.0
           ('F10', 'L49', 'D03', 'P015') :      321,000.0
           ('F10', 'L49', 'D03', 'P036') :      538,000.0
           ('F10', 'L49', 'D03', 'P039') :      816,000.0
           ('F10', 'L49', 'D03', 'P068') :      553,000.0
           ('F10', 'L49', 'D03', 'P091') :      642,000.0
           ('F10', 'L49', 'D03', 'P099') :      403,000.0
           ('F10', 'L49', 'D06', 'P031') :      224,000.0
           ('F10', 'L49', 'D06', 'P036') :      140,000.0
           ('F10', 'L49', 'D06', 'P076') :      274,000.0
           ('F10', 'L49', 'D06', 'P091') :      585,000.0
           ('F10', 'L49', 'D08', 'P012') :       2,613.37
           ('F10', 'L49', 'D08', 'P016') :      711,000.0
           ('F10', 'L49', 'D08', 'P036') :      321,000.0
           ('F10', 'L49', 'D08', 'P039') :     459,412.47
           ('F10', 'L49', 'D08', 'P058') :      675,000.0
           ('F10', 'L49', 'D08', 'P068') :       80,000.0
           ('F10', 'L49', 'D08', 'P082') :      839,000.0
           ('F10', 'L49', 'D08', 'P099') :      888,000.0
           ('F10', 'L49', 'D13', 'P011') :      330,000.0
           ('F10', 'L49', 'D13', 'P016') :      879,000.0
           ('F10', 'L49', 'D13', 'P022') :      689,000.0
           ('F10', 'L49', 'D13', 'P039') :      815,038.9
           ('F10', 'L49', 'D13', 'P068') :      123,000.0
           ('F10', 'L49', 'D13', 'P094') :      370,000.0
           ('F10', 'L49', 'D18', 'P091') :      559,000.0
           ('F10', 'L49', 'D20', 'P011') :      953,000.0
           ('F10', 'L49', 'D20', 'P012') :       90,000.0
           ('F10', 'L49', 'D20', 'P091') :      424,000.0

Factories unused: []
Factories used: [('F01', 3), ('F02', 3), ('F03', 2), ('F04', 5), ('F05', 1), ('F06', 1), ('F07', 3), ('F08', 2), ('F09', 1), ('F10', 4)]

Lines:
      ('F01', 'L01') : .....close
      ('F01', 'L02') : 100.00%
      ('F01', 'L03') : 100.00%
      ('F01', 'L04') : 100.00%
      ('F01', 'L05') : .....close
      ('F02', 'L06') : .....close
      ('F02', 'L07') : 100.00%
      ('F02', 'L08') : .....close
      ('F02', 'L09') : 100.00%
      ('F02', 'L10') : 100.00%
      ('F02', 'L11') : .....close
      ('F03', 'L12') : 100.00%
      ('F03', 'L13') : .....close
      ('F03', 'L14') : 100.00%
      ('F03', 'L15') : .....close
      ('F03', 'L16') : .....close
      ('F04', 'L17') : 100.00%
      ('F04', 'L18') : 100.00%
      ('F04', 'L19') : 100.00%
      ('F04', 'L20') : 100.00%
      ('F04', 'L21') : 100.00%
      ('F05', 'L22') : .....close
      ('F05', 'L23') : .....close
      ('F05', 'L24') : 100.00%
      ('F05', 'L25') : .....close
      ('F05', 'L26') : .....close
      ('F06', 'L27') : .....close
      ('F06', 'L28') : 100.00%
      ('F06', 'L29') : .....close
      ('F06', 'L30') : .....close
      ('F06', 'L31') : .....close
      ('F07', 'L32') : 100.00%
      ('F07', 'L33') : .....close
      ('F07', 'L34') : 100.00%
      ('F07', 'L35') : 100.00%
      ('F08', 'L36') : .....close
      ('F08', 'L37') : .....close
      ('F08', 'L38') : 100.00%
      ('F08', 'L39') : .....close
      ('F08', 'L40') : 100.00%
      ('F09', 'L41') : .....close
      ('F09', 'L42') : .....close
      ('F09', 'L43') : 100.00%
      ('F09', 'L44') : .....close
      ('F10', 'L45') : 100.00%
      ('F10', 'L46') : 100.00%
      ('F10', 'L47') : 100.00%
      ('F10', 'L48') : .....close
      ('F10', 'L49') : 100.00%
      ('F10', 'L50') : .....close


Solution quality statistics for model Unnamed :
  Maximum violation:
    Bound       : 1.54466493e-11 (flow[F03,L15,D17,P039])
    Constraint  : 4.99750125e-12 (R31)
    Integrality : 8.05353751e-16 (is_line[F03,L16])
Time Taken: 9.714650869369507
